#
# There is insufficient memory for the Java Runtime Environment to continue.
# Native memory allocation (malloc) failed to allocate 32784 bytes. Error detail: Chunk::new
# Possible reasons:
#   The system is out of physical RAM or swap space
#   This process is running with CompressedOops enabled, and the Java Heap may be blocking the growth of the native heap
# Possible solutions:
#   Reduce memory load on the system
#   Increase physical memory or swap space
#   Check if swap backing store is full
#   Decrease Java heap size (-Xmx/-Xms)
#   Decrease number of Java threads
#   Decrease Java thread stack sizes (-Xss)
#   Set larger code cache with -XX:ReservedCodeCacheSize=
#   JVM is running with Unscaled Compressed Oops mode in which the Java heap is
#     placed in the first 4GB address space. The Java Heap base address is the
#     maximum limit for the native heap growth. Please use -XX:HeapBaseMinAddress
#     to set the Java Heap base and to place the Java Heap above 4GB virtual address.
# This output file may be truncated or incomplete.
#
#  Out of Memory Error (arena.cpp:191), pid=11600, tid=13908
#
# JRE version: OpenJDK Runtime Environment Temurin-17.0.13+11 (17.0.13+11) (build 17.0.13+11)
# Java VM: OpenJDK 64-Bit Server VM Temurin-17.0.13+11 (17.0.13+11, mixed mode, tiered, compressed oops, compressed class ptrs, parallel gc, windows-amd64)
# No core dump will be written. Minidumps are not enabled by default on client versions of Windows
#

---------------  S U M M A R Y ------------

Command Line: --add-modules=ALL-SYSTEM --add-opens=java.base/java.util=ALL-UNNAMED --add-opens=java.base/java.lang=ALL-UNNAMED --add-opens=java.base/sun.nio.fs=ALL-UNNAMED -Declipse.application=org.eclipse.jdt.ls.core.id1 -Dosgi.bundles.defaultStartLevel=4 -Declipse.product=org.eclipse.jdt.ls.core.product -Djava.import.generatesMetadataFilesAtProjectRoot=false -DDetectVMInstallationsJob.disabled=true -Dfile.encoding=utf8 -XX:+UseParallelGC -XX:GCTimeRatio=4 -XX:AdaptiveSizePolicyWeight=90 -Dsun.zip.disableMemoryMapping=true -Xmx1G -Xms100m -Xlog:disable -javaagent:c:\Users\HP\.vscode\extensions\redhat.java-1.38.0-win32-x64\lombok\lombok-1.18.34.jar -XX:+HeapDumpOnOutOfMemoryError -XX:HeapDumpPath=c:\Users\HP\AppData\Roaming\Code\User\workspaceStorage\f27a0ad543d219c3c486f4fca3b035bd\redhat.java -Daether.dependencyCollector.impl=bf c:\Users\HP\.vscode\extensions\redhat.java-1.38.0-win32-x64\server\plugins\org.eclipse.equinox.launcher_1.6.900.v20240613-2009.jar -configuration c:\Users\HP\AppData\Roaming\Code\User\globalStorage\redhat.java\1.38.0\config_win -data c:\Users\HP\AppData\Roaming\Code\User\workspaceStorage\f27a0ad543d219c3c486f4fca3b035bd\redhat.java\jdt_ws --pipe=\\.\pipe\lsp-1afe3d2b3f15087c88791cf9b88dd2f8-sock

Host: Intel(R) Core(TM) i3-8130U CPU @ 2.20GHz, 4 cores, 7G,  Windows 11 , 64 bit Build 22621 (10.0.22621.4391)
Time: Mon Jan 20 13:24:18 2025 SE Asia Standard Time elapsed time: 68.408011 seconds (0d 0h 1m 8s)

---------------  T H R E A D  ---------------

Current thread (0x0000026b77227850):  JavaThread "C2 CompilerThread0" daemon [_thread_in_native, id=13908, stack(0x000000ae50200000,0x000000ae50300000)]


Current CompileTask:
C2:  68408 7292       4       java.util.zip.ZipFile$Source::initCEN (591 bytes)

Stack: [0x000000ae50200000,0x000000ae50300000]
Native frames: (J=compiled Java code, j=interpreted, Vv=VM code, C=native code)
V  [jvm.dll+0x682a19]
V  [jvm.dll+0x839538]
V  [jvm.dll+0x83afe3]
V  [jvm.dll+0x83b653]
V  [jvm.dll+0x24704f]
V  [jvm.dll+0xace34]
V  [jvm.dll+0xad4cc]
V  [jvm.dll+0xacf44]
V  [jvm.dll+0x66043c]
V  [jvm.dll+0x5755fe]
V  [jvm.dll+0x574a33]
V  [jvm.dll+0x5749e8]
V  [jvm.dll+0x578180]
V  [jvm.dll+0x577c56]
V  [jvm.dll+0x5772ae]
V  [jvm.dll+0x5772c1]
V  [jvm.dll+0x577275]
V  [jvm.dll+0x5772c1]
V  [jvm.dll+0x5772c1]
V  [jvm.dll+0x5892bc]
V  [jvm.dll+0x220ea2]
V  [jvm.dll+0x219cd2]
V  [jvm.dll+0x21738b]
V  [jvm.dll+0x1a3070]
V  [jvm.dll+0x22788c]
V  [jvm.dll+0x2259eb]
V  [jvm.dll+0x7eec98]
V  [jvm.dll+0x7e8ffc]
V  [jvm.dll+0x6818f7]
C  [ucrtbase.dll+0x29333]
C  [KERNEL32.DLL+0x1259d]
C  [ntdll.dll+0x5af38]


---------------  P R O C E S S  ---------------

Threads class SMR info:
_java_thread_list=0x0000026b0f205760, length=39, elements={
0x0000026b723aca10, 0x0000026b7245e590, 0x0000026b771f0260, 0x0000026b77221e60,
0x0000026b77222730, 0x0000026b772232f0, 0x0000026b77223eb0, 0x0000026b77227850,
0x0000026b7c438070, 0x0000026b7723e290, 0x0000026b7240e0b0, 0x0000026b7c823050,
0x0000026b7cdcd460, 0x0000026b7cb3b6f0, 0x0000026b7d01c440, 0x0000026b7d01ccf0,
0x0000026b7d38f490, 0x0000026b7d7dee80, 0x0000026b7d7e07d0, 0x0000026b7d7df8a0,
0x0000026b7d7dd530, 0x0000026b7d7dda40, 0x0000026b7d7ddf50, 0x0000026b7d7de460,
0x0000026b7d7df390, 0x0000026b7d7dfdb0, 0x0000026b7e005bb0, 0x0000026b7e006ff0,
0x0000026b7e00a290, 0x0000026b7e008e50, 0x0000026b7e00a7a0, 0x0000026b7e008430,
0x0000026b7e007500, 0x0000026b7e008940, 0x0000026b7e0065d0, 0x0000026b7e009360,
0x0000026b7e00acb0, 0x0000026b7e006ae0, 0x0000026b7e00bbe0
}

Java Threads: ( => current thread )
  0x0000026b723aca10 JavaThread "main" [_thread_blocked, id=19004, stack(0x000000ae4f800000,0x000000ae4f900000)]
  0x0000026b7245e590 JavaThread "Reference Handler" daemon [_thread_blocked, id=12164, stack(0x000000ae4fc00000,0x000000ae4fd00000)]
  0x0000026b771f0260 JavaThread "Finalizer" daemon [_thread_blocked, id=12540, stack(0x000000ae4fd00000,0x000000ae4fe00000)]
  0x0000026b77221e60 JavaThread "Signal Dispatcher" daemon [_thread_blocked, id=9776, stack(0x000000ae4fe00000,0x000000ae4ff00000)]
  0x0000026b77222730 JavaThread "Attach Listener" daemon [_thread_blocked, id=11020, stack(0x000000ae4ff00000,0x000000ae50000000)]
  0x0000026b772232f0 JavaThread "Service Thread" daemon [_thread_blocked, id=5048, stack(0x000000ae50000000,0x000000ae50100000)]
  0x0000026b77223eb0 JavaThread "Monitor Deflation Thread" daemon [_thread_blocked, id=8560, stack(0x000000ae50100000,0x000000ae50200000)]
=>0x0000026b77227850 JavaThread "C2 CompilerThread0" daemon [_thread_in_native, id=13908, stack(0x000000ae50200000,0x000000ae50300000)]
  0x0000026b7c438070 JavaThread "C1 CompilerThread0" daemon [_thread_blocked, id=10172, stack(0x000000ae50300000,0x000000ae50400000)]
  0x0000026b7723e290 JavaThread "Sweeper thread" daemon [_thread_blocked, id=13292, stack(0x000000ae50400000,0x000000ae50500000)]
  0x0000026b7240e0b0 JavaThread "Common-Cleaner" daemon [_thread_blocked, id=17152, stack(0x000000ae50500000,0x000000ae50600000)]
  0x0000026b7c823050 JavaThread "Notification Thread" daemon [_thread_blocked, id=8280, stack(0x000000ae50600000,0x000000ae50700000)]
  0x0000026b7cdcd460 JavaThread "Active Thread: Equinox Container: bc1aa731-d850-4de7-87eb-a045d50266ff" [_thread_blocked, id=11952, stack(0x000000ae50b00000,0x000000ae50c00000)]
  0x0000026b7cb3b6f0 JavaThread "Refresh Thread: Equinox Container: bc1aa731-d850-4de7-87eb-a045d50266ff" daemon [_thread_blocked, id=19388, stack(0x000000ae50c00000,0x000000ae50d00000)]
  0x0000026b7d01c440 JavaThread "Framework Event Dispatcher: Equinox Container: bc1aa731-d850-4de7-87eb-a045d50266ff" daemon [_thread_blocked, id=10544, stack(0x000000ae50d00000,0x000000ae50e00000)]
  0x0000026b7d01ccf0 JavaThread "Start Level: Equinox Container: bc1aa731-d850-4de7-87eb-a045d50266ff" daemon [_thread_blocked, id=13212, stack(0x000000ae50e00000,0x000000ae50f00000)]
  0x0000026b7d38f490 JavaThread "Bundle File Closer" daemon [_thread_blocked, id=3244, stack(0x000000ae50f00000,0x000000ae51000000)]
  0x0000026b7d7dee80 JavaThread "SCR Component Actor" daemon [_thread_blocked, id=8204, stack(0x000000ae51000000,0x000000ae51100000)]
  0x0000026b7d7e07d0 JavaThread "Worker-JM" [_thread_blocked, id=15784, stack(0x000000ae51200000,0x000000ae51300000)]
  0x0000026b7d7df8a0 JavaThread "JNA Cleaner" daemon [_thread_blocked, id=4692, stack(0x000000ae51100000,0x000000ae51200000)]
  0x0000026b7d7dd530 JavaThread "Worker-0" [_thread_blocked, id=19384, stack(0x000000ae51300000,0x000000ae51400000)]
  0x0000026b7d7dda40 JavaThread "Worker-1" [_thread_blocked, id=2768, stack(0x000000ae51400000,0x000000ae51500000)]
  0x0000026b7d7ddf50 JavaThread "Worker-2: Initialize After Load" [_thread_blocked, id=7688, stack(0x000000ae51600000,0x000000ae51700000)]
  0x0000026b7d7de460 JavaThread "Java indexing" daemon [_thread_blocked, id=4112, stack(0x000000ae51700000,0x000000ae51800000)]
  0x0000026b7d7df390 JavaThread "Thread-3" daemon [_thread_in_native, id=12892, stack(0x000000ae51500000,0x000000ae51600000)]
  0x0000026b7d7dfdb0 JavaThread "Thread-4" daemon [_thread_in_native, id=3604, stack(0x000000ae51800000,0x000000ae51900000)]
  0x0000026b7e005bb0 JavaThread "Thread-5" daemon [_thread_in_native, id=13332, stack(0x000000ae51900000,0x000000ae51a00000)]
  0x0000026b7e006ff0 JavaThread "Thread-6" daemon [_thread_in_native, id=1908, stack(0x000000ae51a00000,0x000000ae51b00000)]
  0x0000026b7e00a290 JavaThread "Thread-7" daemon [_thread_in_native, id=17744, stack(0x000000ae51b00000,0x000000ae51c00000)]
  0x0000026b7e008e50 JavaThread "Worker-3: Initialize Workspace" [_thread_blocked, id=16792, stack(0x000000ae51c00000,0x000000ae51d00000)]
  0x0000026b7e00a7a0 JavaThread "pool-2-thread-1" [_thread_blocked, id=14116, stack(0x000000ae51d00000,0x000000ae51e00000)]
  0x0000026b7e008430 JavaThread "Worker-4: Java indexing... " [_thread_blocked, id=6220, stack(0x000000ae51e00000,0x000000ae51f00000)]
  0x0000026b7e007500 JavaThread "WorkspaceEventsHandler" [_thread_blocked, id=16848, stack(0x000000ae51f00000,0x000000ae52000000)]
  0x0000026b7e008940 JavaThread "pool-1-thread-1" [_thread_blocked, id=9608, stack(0x000000ae52000000,0x000000ae52100000)]
  0x0000026b7e0065d0 JavaThread "Worker-5" [_thread_blocked, id=2240, stack(0x000000ae52100000,0x000000ae52200000)]
  0x0000026b7e009360 JavaThread "Worker-6" [_thread_blocked, id=15416, stack(0x000000ae52200000,0x000000ae52300000)]
  0x0000026b7e00acb0 JavaThread "Worker-7" [_thread_blocked, id=10056, stack(0x000000ae52300000,0x000000ae52400000)]
  0x0000026b7e006ae0 JavaThread "Timer-0" [_thread_blocked, id=3312, stack(0x000000ae52400000,0x000000ae52500000)]
  0x0000026b7e00bbe0 JavaThread "Connection worker" [_thread_in_native, id=11636, stack(0x000000ae52500000,0x000000ae52600000)]

Other Threads:
  0x0000026b771297d0 VMThread "VM Thread" [stack: 0x000000ae4fb00000,0x000000ae4fc00000] [id=19380]
  0x0000026b7c71f760 WatcherThread [stack: 0x000000ae50700000,0x000000ae50800000] [id=8128]
  0x0000026b723c1dd0 GCTaskThread "GC Thread#0" [stack: 0x000000ae4fa00000,0x000000ae4fb00000] [id=8780]
  0x0000026b7ca216e0 GCTaskThread "GC Thread#1" [stack: 0x000000ae50800000,0x000000ae50900000] [id=16044]
  0x0000026b7c8b17d0 GCTaskThread "GC Thread#2" [stack: 0x000000ae50900000,0x000000ae50a00000] [id=3308]
  0x0000026b7c8b1a90 GCTaskThread "GC Thread#3" [stack: 0x000000ae50a00000,0x000000ae50b00000] [id=14264]

Threads with active compile tasks:
C2 CompilerThread0    68475 7292       4       java.util.zip.ZipFile$Source::initCEN (591 bytes)

VM state: not at safepoint (normal execution)

VM Mutex/Monitor currently owned by a thread: None

Heap address: 0x00000000c0000000, size: 1024 MB, Compressed Oops mode: 32-bit

CDS archive(s) not mapped
Compressed class space mapped at: 0x0000000100000000-0x0000000140000000, reserved size: 1073741824
Narrow klass base: 0x0000000000000000, Narrow klass shift: 3, Narrow klass range: 0x140000000

GC Precious Log:
 CPUs: 4 total, 4 available
 Memory: 8094M
 Large Page Support: Disabled
 NUMA Support: Disabled
 Compressed Oops: Enabled (32-bit)
 Alignments: Space 512K, Generation 512K, Heap 2M
 Heap Min Capacity: 100M
 Heap Initial Capacity: 100M
 Heap Max Capacity: 1G
 Pre-touch: Disabled
 Parallel Workers: 4

Heap:
 PSYoungGen      total 23040K, used 13567K [0x00000000eab00000, 0x00000000ec380000, 0x0000000100000000)
  eden space 22016K, 59% used [0x00000000eab00000,0x00000000eb7afc18,0x00000000ec080000)
  from space 1024K, 56% used [0x00000000ec280000,0x00000000ec310000,0x00000000ec380000)
  to   space 1024K, 0% used [0x00000000ec180000,0x00000000ec180000,0x00000000ec280000)
 ParOldGen       total 68608K, used 27510K [0x00000000c0000000, 0x00000000c4300000, 0x00000000eab00000)
  object space 68608K, 40% used [0x00000000c0000000,0x00000000c1addad8,0x00000000c4300000)
 Metaspace       used 56520K, committed 57728K, reserved 1114112K
  class space    used 6134K, committed 6720K, reserved 1048576K

Card table byte_map: [0x0000026b71d70000,0x0000026b71f80000] _byte_map_base: 0x0000026b71770000

Marking Bits: (ParMarkBitMap*) 0x00007ffb967f6940
 Begin Bits: [0x0000026b75040000, 0x0000026b76040000)
 End Bits:   [0x0000026b76040000, 0x0000026b77040000)

Polling page: 0x0000026b71b60000

Metaspace:

Usage:
  Non-class:     49.21 MB used.
      Class:      5.99 MB used.
       Both:     55.20 MB used.

Virtual space:
  Non-class space:       64.00 MB reserved,      49.81 MB ( 78%) committed,  1 nodes.
      Class space:        1.00 GB reserved,       6.56 MB ( <1%) committed,  1 nodes.
             Both:        1.06 GB reserved,      56.38 MB (  5%) committed. 

Chunk freelists:
   Non-Class:  14.22 MB
       Class:  9.50 MB
        Both:  23.72 MB

MaxMetaspaceSize: unlimited
CompressedClassSpaceSize: 1.00 GB
Initial GC threshold: 21.00 MB
Current GC threshold: 58.38 MB
CDS: off
MetaspaceReclaimPolicy: balanced
 - commit_granule_bytes: 65536.
 - commit_granule_words: 8192.
 - virtual_space_node_default_size: 8388608.
 - enlarge_chunks_in_place: 1.
 - new_chunks_are_fully_committed: 0.
 - uncommit_free_chunks: 1.
 - use_allocation_guard: 0.
 - handle_deallocations: 1.


Internal statistics:

num_allocs_failed_limit: 6.
num_arena_births: 730.
num_arena_deaths: 14.
num_vsnodes_births: 2.
num_vsnodes_deaths: 0.
num_space_committed: 902.
num_space_uncommitted: 0.
num_chunks_returned_to_freelist: 20.
num_chunks_taken_from_freelist: 2986.
num_chunk_merges: 11.
num_chunk_splits: 1813.
num_chunks_enlarged: 997.
num_inconsistent_stats: 0.

CodeHeap 'non-profiled nmethods': size=120000Kb used=3307Kb max_used=3307Kb free=116693Kb
 bounds [0x0000026b07ad0000, 0x0000026b07e10000, 0x0000026b0f000000]
CodeHeap 'profiled nmethods': size=120000Kb used=13345Kb max_used=13345Kb free=106654Kb
 bounds [0x0000026b00000000, 0x0000026b00d10000, 0x0000026b07530000]
CodeHeap 'non-nmethods': size=5760Kb used=1307Kb max_used=1377Kb free=4452Kb
 bounds [0x0000026b07530000, 0x0000026b077a0000, 0x0000026b07ad0000]
 total_blobs=7084 nmethods=6442 adapters=556
 compilation: enabled
              stopped_count=0, restarted_count=0
 full_count=0

Compilation events (20 events):
Event: 68.087 Thread 0x0000026b7c438070 7289       3       java.nio.ByteBuffer::get (54 bytes)
Event: 68.087 Thread 0x0000026b7c438070 nmethod 7289 0x0000026b00d05190 code [0x0000026b00d05380, 0x0000026b00d05838]
Event: 68.087 Thread 0x0000026b7c438070 7290   !   3       java.nio.ByteBuffer::getArray (121 bytes)
Event: 68.088 Thread 0x0000026b7c438070 nmethod 7290 0x0000026b00d05a90 code [0x0000026b00d05d00, 0x0000026b00d06898]
Event: 68.106 Thread 0x0000026b77227850 nmethod 7241 0x0000026b07e07f90 code [0x0000026b07e08180, 0x0000026b07e09208]
Event: 68.106 Thread 0x0000026b77227850 7244       4       jdk.internal.jimage.ImageStringsReader::charsFromByteBufferLength (81 bytes)
Event: 68.113 Thread 0x0000026b77227850 nmethod 7244 0x0000026b07e09b90 code [0x0000026b07e09d20, 0x0000026b07e0a0f8]
Event: 68.113 Thread 0x0000026b77227850 7283       4       jdk.internal.jimage.ImageLocation::readValue (61 bytes)
Event: 68.119 Thread 0x0000026b77227850 nmethod 7283 0x0000026b07e0a310 code [0x0000026b07e0a4a0, 0x0000026b07e0a738]
Event: 68.165 Thread 0x0000026b7c438070 7291       3       java.util.TaskQueue::getMin (7 bytes)
Event: 68.165 Thread 0x0000026b7c438070 nmethod 7291 0x0000026b00d06f10 code [0x0000026b00d070a0, 0x0000026b00d071d8]
Event: 68.345 Thread 0x0000026b77227850 7292       4       java.util.zip.ZipFile$Source::initCEN (591 bytes)
Event: 68.351 Thread 0x0000026b7c438070 7295       1       java.nio.charset.CharsetDecoder::charset (5 bytes)
Event: 68.352 Thread 0x0000026b7c438070 nmethod 7295 0x0000026b07e0a910 code [0x0000026b07e0aaa0, 0x0000026b07e0ab78]
Event: 68.359 Thread 0x0000026b7c438070 7296       3       java.util.LinkedList::indexOf (73 bytes)
Event: 68.359 Thread 0x0000026b7c438070 nmethod 7296 0x0000026b00d07290 code [0x0000026b00d07460, 0x0000026b00d078e8]
Event: 68.360 Thread 0x0000026b7c438070 7297       3       jdk.internal.util.jar.JarIndex::addToList (59 bytes)
Event: 68.361 Thread 0x0000026b7c438070 nmethod 7297 0x0000026b00d07a90 code [0x0000026b00d07ce0, 0x0000026b00d085e8]
Event: 68.378 Thread 0x0000026b7c438070 7298       3       jdk.internal.util.jar.JarIndex::addMapping (21 bytes)
Event: 68.378 Thread 0x0000026b7c438070 nmethod 7298 0x0000026b00d08910 code [0x0000026b00d08ac0, 0x0000026b00d08c58]

GC Heap History (20 events):
Event: 38.197 GC heap before
{Heap before GC invocations=15 (full 2):
 PSYoungGen      total 23040K, used 22924K [0x00000000eab00000, 0x00000000ec500000, 0x0000000100000000)
  eden space 22016K, 100% used [0x00000000eab00000,0x00000000ec080000,0x00000000ec080000)
  from space 1024K, 88% used [0x00000000ec400000,0x00000000ec4e3330,0x00000000ec500000)
  to   space 1536K, 0% used [0x00000000ec200000,0x00000000ec200000,0x00000000ec380000)
 ParOldGen       total 68608K, used 16353K [0x00000000c0000000, 0x00000000c4300000, 0x00000000eab00000)
  object space 68608K, 23% used [0x00000000c0000000,0x00000000c0ff8710,0x00000000c4300000)
 Metaspace       used 41116K, committed 42112K, reserved 1114112K
  class space    used 4219K, committed 4672K, reserved 1048576K
}
Event: 38.204 GC heap after
{Heap after GC invocations=15 (full 2):
 PSYoungGen      total 23552K, used 832K [0x00000000eab00000, 0x00000000ec480000, 0x0000000100000000)
  eden space 22016K, 0% used [0x00000000eab00000,0x00000000eab00000,0x00000000ec080000)
  from space 1536K, 54% used [0x00000000ec200000,0x00000000ec2d0000,0x00000000ec380000)
  to   space 1024K, 0% used [0x00000000ec380000,0x00000000ec380000,0x00000000ec480000)
 ParOldGen       total 68608K, used 17122K [0x00000000c0000000, 0x00000000c4300000, 0x00000000eab00000)
  object space 68608K, 24% used [0x00000000c0000000,0x00000000c10b8818,0x00000000c4300000)
 Metaspace       used 41116K, committed 42112K, reserved 1114112K
  class space    used 4219K, committed 4672K, reserved 1048576K
}
Event: 39.170 GC heap before
{Heap before GC invocations=16 (full 2):
 PSYoungGen      total 23552K, used 22848K [0x00000000eab00000, 0x00000000ec480000, 0x0000000100000000)
  eden space 22016K, 100% used [0x00000000eab00000,0x00000000ec080000,0x00000000ec080000)
  from space 1536K, 54% used [0x00000000ec200000,0x00000000ec2d0000,0x00000000ec380000)
  to   space 1024K, 0% used [0x00000000ec380000,0x00000000ec380000,0x00000000ec480000)
 ParOldGen       total 68608K, used 17122K [0x00000000c0000000, 0x00000000c4300000, 0x00000000eab00000)
  object space 68608K, 24% used [0x00000000c0000000,0x00000000c10b8818,0x00000000c4300000)
 Metaspace       used 43620K, committed 44672K, reserved 1114112K
  class space    used 4497K, committed 4992K, reserved 1048576K
}
Event: 39.176 GC heap after
{Heap after GC invocations=16 (full 2):
 PSYoungGen      total 23040K, used 997K [0x00000000eab00000, 0x00000000ec580000, 0x0000000100000000)
  eden space 22016K, 0% used [0x00000000eab00000,0x00000000eab00000,0x00000000ec080000)
  from space 1024K, 97% used [0x00000000ec380000,0x00000000ec4796e0,0x00000000ec480000)
  to   space 2560K, 0% used [0x00000000ec080000,0x00000000ec080000,0x00000000ec300000)
 ParOldGen       total 68608K, used 18279K [0x00000000c0000000, 0x00000000c4300000, 0x00000000eab00000)
  object space 68608K, 26% used [0x00000000c0000000,0x00000000c11d9f70,0x00000000c4300000)
 Metaspace       used 43620K, committed 44672K, reserved 1114112K
  class space    used 4497K, committed 4992K, reserved 1048576K
}
Event: 41.075 GC heap before
{Heap before GC invocations=17 (full 2):
 PSYoungGen      total 23040K, used 23013K [0x00000000eab00000, 0x00000000ec580000, 0x0000000100000000)
  eden space 22016K, 100% used [0x00000000eab00000,0x00000000ec080000,0x00000000ec080000)
  from space 1024K, 97% used [0x00000000ec380000,0x00000000ec4796e0,0x00000000ec480000)
  to   space 2560K, 0% used [0x00000000ec080000,0x00000000ec080000,0x00000000ec300000)
 ParOldGen       total 68608K, used 18291K [0x00000000c0000000, 0x00000000c4300000, 0x00000000eab00000)
  object space 68608K, 26% used [0x00000000c0000000,0x00000000c11dcdd0,0x00000000c4300000)
 Metaspace       used 45951K, committed 47104K, reserved 1114112K
  class space    used 4825K, committed 5376K, reserved 1048576K
}
Event: 41.086 GC heap after
{Heap after GC invocations=17 (full 2):
 PSYoungGen      total 23552K, used 1037K [0x00000000eab00000, 0x00000000ec400000, 0x0000000100000000)
  eden space 22016K, 0% used [0x00000000eab00000,0x00000000eab00000,0x00000000ec080000)
  from space 1536K, 67% used [0x00000000ec080000,0x00000000ec183500,0x00000000ec200000)
  to   space 1536K, 0% used [0x00000000ec280000,0x00000000ec280000,0x00000000ec400000)
 ParOldGen       total 68608K, used 19217K [0x00000000c0000000, 0x00000000c4300000, 0x00000000eab00000)
  object space 68608K, 28% used [0x00000000c0000000,0x00000000c12c4670,0x00000000c4300000)
 Metaspace       used 45951K, committed 47104K, reserved 1114112K
  class space    used 4825K, committed 5376K, reserved 1048576K
}
Event: 42.425 GC heap before
{Heap before GC invocations=18 (full 2):
 PSYoungGen      total 23552K, used 23053K [0x00000000eab00000, 0x00000000ec400000, 0x0000000100000000)
  eden space 22016K, 100% used [0x00000000eab00000,0x00000000ec080000,0x00000000ec080000)
  from space 1536K, 67% used [0x00000000ec080000,0x00000000ec183500,0x00000000ec200000)
  to   space 1536K, 0% used [0x00000000ec280000,0x00000000ec280000,0x00000000ec400000)
 ParOldGen       total 68608K, used 19220K [0x00000000c0000000, 0x00000000c4300000, 0x00000000eab00000)
  object space 68608K, 28% used [0x00000000c0000000,0x00000000c12c50e0,0x00000000c4300000)
 Metaspace       used 47862K, committed 49024K, reserved 1114112K
  class space    used 5069K, committed 5568K, reserved 1048576K
}
Event: 42.430 GC heap after
{Heap after GC invocations=18 (full 2):
 PSYoungGen      total 23552K, used 1450K [0x00000000eab00000, 0x00000000ec400000, 0x0000000100000000)
  eden space 22016K, 0% used [0x00000000eab00000,0x00000000eab00000,0x00000000ec080000)
  from space 1536K, 94% used [0x00000000ec280000,0x00000000ec3eab40,0x00000000ec400000)
  to   space 1536K, 0% used [0x00000000ec080000,0x00000000ec080000,0x00000000ec200000)
 ParOldGen       total 68608K, used 20102K [0x00000000c0000000, 0x00000000c4300000, 0x00000000eab00000)
  object space 68608K, 29% used [0x00000000c0000000,0x00000000c13a1838,0x00000000c4300000)
 Metaspace       used 47862K, committed 49024K, reserved 1114112K
  class space    used 5069K, committed 5568K, reserved 1048576K
}
Event: 43.228 GC heap before
{Heap before GC invocations=19 (full 2):
 PSYoungGen      total 23552K, used 23466K [0x00000000eab00000, 0x00000000ec400000, 0x0000000100000000)
  eden space 22016K, 100% used [0x00000000eab00000,0x00000000ec080000,0x00000000ec080000)
  from space 1536K, 94% used [0x00000000ec280000,0x00000000ec3eab40,0x00000000ec400000)
  to   space 1536K, 0% used [0x00000000ec080000,0x00000000ec080000,0x00000000ec200000)
 ParOldGen       total 68608K, used 20102K [0x00000000c0000000, 0x00000000c4300000, 0x00000000eab00000)
  object space 68608K, 29% used [0x00000000c0000000,0x00000000c13a1838,0x00000000c4300000)
 Metaspace       used 48879K, committed 49984K, reserved 1114112K
  class space    used 5165K, committed 5696K, reserved 1048576K
}
Event: 43.238 GC heap after
{Heap after GC invocations=19 (full 2):
 PSYoungGen      total 23552K, used 1504K [0x00000000eab00000, 0x00000000ec780000, 0x0000000100000000)
  eden space 22016K, 0% used [0x00000000eab00000,0x00000000eab00000,0x00000000ec080000)
  from space 1536K, 97% used [0x00000000ec080000,0x00000000ec1f81d0,0x00000000ec200000)
  to   space 3584K, 0% used [0x00000000ec400000,0x00000000ec400000,0x00000000ec780000)
 ParOldGen       total 68608K, used 21634K [0x00000000c0000000, 0x00000000c4300000, 0x00000000eab00000)
  object space 68608K, 31% used [0x00000000c0000000,0x00000000c15209e8,0x00000000c4300000)
 Metaspace       used 48879K, committed 49984K, reserved 1114112K
  class space    used 5165K, committed 5696K, reserved 1048576K
}
Event: 44.996 GC heap before
{Heap before GC invocations=20 (full 2):
 PSYoungGen      total 23552K, used 23520K [0x00000000eab00000, 0x00000000ec780000, 0x0000000100000000)
  eden space 22016K, 100% used [0x00000000eab00000,0x00000000ec080000,0x00000000ec080000)
  from space 1536K, 97% used [0x00000000ec080000,0x00000000ec1f81d0,0x00000000ec200000)
  to   space 3584K, 0% used [0x00000000ec400000,0x00000000ec400000,0x00000000ec780000)
 ParOldGen       total 68608K, used 21634K [0x00000000c0000000, 0x00000000c4300000, 0x00000000eab00000)
  object space 68608K, 31% used [0x00000000c0000000,0x00000000c15209e8,0x00000000c4300000)
 Metaspace       used 51191K, committed 52416K, reserved 1114112K
  class space    used 5490K, committed 6080K, reserved 1048576K
}
Event: 45.001 GC heap after
{Heap after GC invocations=20 (full 2):
 PSYoungGen      total 24576K, used 2112K [0x00000000eab00000, 0x00000000ec680000, 0x0000000100000000)
  eden space 22016K, 0% used [0x00000000eab00000,0x00000000eab00000,0x00000000ec080000)
  from space 2560K, 82% used [0x00000000ec400000,0x00000000ec610000,0x00000000ec680000)
  to   space 2560K, 0% used [0x00000000ec180000,0x00000000ec180000,0x00000000ec400000)
 ParOldGen       total 68608K, used 23132K [0x00000000c0000000, 0x00000000c4300000, 0x00000000eab00000)
  object space 68608K, 33% used [0x00000000c0000000,0x00000000c1697138,0x00000000c4300000)
 Metaspace       used 51191K, committed 52416K, reserved 1114112K
  class space    used 5490K, committed 6080K, reserved 1048576K
}
Event: 46.572 GC heap before
{Heap before GC invocations=21 (full 2):
 PSYoungGen      total 24576K, used 24128K [0x00000000eab00000, 0x00000000ec680000, 0x0000000100000000)
  eden space 22016K, 100% used [0x00000000eab00000,0x00000000ec080000,0x00000000ec080000)
  from space 2560K, 82% used [0x00000000ec400000,0x00000000ec610000,0x00000000ec680000)
  to   space 2560K, 0% used [0x00000000ec180000,0x00000000ec180000,0x00000000ec400000)
 ParOldGen       total 68608K, used 23132K [0x00000000c0000000, 0x00000000c4300000, 0x00000000eab00000)
  object space 68608K, 33% used [0x00000000c0000000,0x00000000c1697138,0x00000000c4300000)
 Metaspace       used 53026K, committed 54208K, reserved 1114112K
  class space    used 5697K, committed 6272K, reserved 1048576K
}
Event: 46.582 GC heap after
{Heap after GC invocations=21 (full 2):
 PSYoungGen      total 23552K, used 1536K [0x00000000eab00000, 0x00000000ec480000, 0x0000000100000000)
  eden space 22016K, 0% used [0x00000000eab00000,0x00000000eab00000,0x00000000ec080000)
  from space 1536K, 100% used [0x00000000ec180000,0x00000000ec300000,0x00000000ec300000)
  to   space 1536K, 0% used [0x00000000ec300000,0x00000000ec300000,0x00000000ec480000)
 ParOldGen       total 68608K, used 25108K [0x00000000c0000000, 0x00000000c4300000, 0x00000000eab00000)
  object space 68608K, 36% used [0x00000000c0000000,0x00000000c1885168,0x00000000c4300000)
 Metaspace       used 53026K, committed 54208K, reserved 1114112K
  class space    used 5697K, committed 6272K, reserved 1048576K
}
Event: 48.032 GC heap before
{Heap before GC invocations=22 (full 2):
 PSYoungGen      total 23552K, used 23552K [0x00000000eab00000, 0x00000000ec480000, 0x0000000100000000)
  eden space 22016K, 100% used [0x00000000eab00000,0x00000000ec080000,0x00000000ec080000)
  from space 1536K, 100% used [0x00000000ec180000,0x00000000ec300000,0x00000000ec300000)
  to   space 1536K, 0% used [0x00000000ec300000,0x00000000ec300000,0x00000000ec480000)
 ParOldGen       total 68608K, used 25108K [0x00000000c0000000, 0x00000000c4300000, 0x00000000eab00000)
  object space 68608K, 36% used [0x00000000c0000000,0x00000000c1885168,0x00000000c4300000)
 Metaspace       used 53693K, committed 54912K, reserved 1114112K
  class space    used 5759K, committed 6336K, reserved 1048576K
}
Event: 48.036 GC heap after
{Heap after GC invocations=22 (full 2):
 PSYoungGen      total 23040K, used 658K [0x00000000eab00000, 0x00000000ec400000, 0x0000000100000000)
  eden space 22016K, 0% used [0x00000000eab00000,0x00000000eab00000,0x00000000ec080000)
  from space 1024K, 64% used [0x00000000ec300000,0x00000000ec3a4a90,0x00000000ec400000)
  to   space 1536K, 0% used [0x00000000ec100000,0x00000000ec100000,0x00000000ec280000)
 ParOldGen       total 68608K, used 26499K [0x00000000c0000000, 0x00000000c4300000, 0x00000000eab00000)
  object space 68608K, 38% used [0x00000000c0000000,0x00000000c19e0d08,0x00000000c4300000)
 Metaspace       used 53693K, committed 54912K, reserved 1114112K
  class space    used 5759K, committed 6336K, reserved 1048576K
}
Event: 48.995 GC heap before
{Heap before GC invocations=23 (full 2):
 PSYoungGen      total 23040K, used 22674K [0x00000000eab00000, 0x00000000ec400000, 0x0000000100000000)
  eden space 22016K, 100% used [0x00000000eab00000,0x00000000ec080000,0x00000000ec080000)
  from space 1024K, 64% used [0x00000000ec300000,0x00000000ec3a4a90,0x00000000ec400000)
  to   space 1536K, 0% used [0x00000000ec100000,0x00000000ec100000,0x00000000ec280000)
 ParOldGen       total 68608K, used 26499K [0x00000000c0000000, 0x00000000c4300000, 0x00000000eab00000)
  object space 68608K, 38% used [0x00000000c0000000,0x00000000c19e0d08,0x00000000c4300000)
 Metaspace       used 54371K, committed 55552K, reserved 1114112K
  class space    used 5835K, committed 6400K, reserved 1048576K
}
Event: 49.000 GC heap after
{Heap after GC invocations=23 (full 2):
 PSYoungGen      total 23552K, used 768K [0x00000000eab00000, 0x00000000ec380000, 0x0000000100000000)
  eden space 22016K, 0% used [0x00000000eab00000,0x00000000eab00000,0x00000000ec080000)
  from space 1536K, 50% used [0x00000000ec100000,0x00000000ec1c0000,0x00000000ec280000)
  to   space 1024K, 0% used [0x00000000ec280000,0x00000000ec280000,0x00000000ec380000)
 ParOldGen       total 68608K, used 26842K [0x00000000c0000000, 0x00000000c4300000, 0x00000000eab00000)
  object space 68608K, 39% used [0x00000000c0000000,0x00000000c1a36ac8,0x00000000c4300000)
 Metaspace       used 54371K, committed 55552K, reserved 1114112K
  class space    used 5835K, committed 6400K, reserved 1048576K
}
Event: 54.986 GC heap before
{Heap before GC invocations=24 (full 2):
 PSYoungGen      total 23552K, used 22784K [0x00000000eab00000, 0x00000000ec380000, 0x0000000100000000)
  eden space 22016K, 100% used [0x00000000eab00000,0x00000000ec080000,0x00000000ec080000)
  from space 1536K, 50% used [0x00000000ec100000,0x00000000ec1c0000,0x00000000ec280000)
  to   space 1024K, 0% used [0x00000000ec280000,0x00000000ec280000,0x00000000ec380000)
 ParOldGen       total 68608K, used 26842K [0x00000000c0000000, 0x00000000c4300000, 0x00000000eab00000)
  object space 68608K, 39% used [0x00000000c0000000,0x00000000c1a36ac8,0x00000000c4300000)
 Metaspace       used 55766K, committed 56896K, reserved 1114112K
  class space    used 6051K, committed 6592K, reserved 1048576K
}
Event: 54.990 GC heap after
{Heap after GC invocations=24 (full 2):
 PSYoungGen      total 23040K, used 576K [0x00000000eab00000, 0x00000000ec380000, 0x0000000100000000)
  eden space 22016K, 0% used [0x00000000eab00000,0x00000000eab00000,0x00000000ec080000)
  from space 1024K, 56% used [0x00000000ec280000,0x00000000ec310000,0x00000000ec380000)
  to   space 1024K, 0% used [0x00000000ec180000,0x00000000ec180000,0x00000000ec280000)
 ParOldGen       total 68608K, used 27510K [0x00000000c0000000, 0x00000000c4300000, 0x00000000eab00000)
  object space 68608K, 40% used [0x00000000c0000000,0x00000000c1addad8,0x00000000c4300000)
 Metaspace       used 55766K, committed 56896K, reserved 1114112K
  class space    used 6051K, committed 6592K, reserved 1048576K
}

Dll operation events (10 events):
Event: 0.089 Loaded shared library c:\Users\HP\.vscode\extensions\redhat.java-1.38.0-win32-x64\jre\17.0.13-win32-x86_64\bin\java.dll
Event: 0.727 Loaded shared library c:\Users\HP\.vscode\extensions\redhat.java-1.38.0-win32-x64\jre\17.0.13-win32-x86_64\bin\zip.dll
Event: 0.731 Loaded shared library C:\Users\HP\.vscode\extensions\redhat.java-1.38.0-win32-x64\jre\17.0.13-win32-x86_64\bin\instrument.dll
Event: 0.846 Loaded shared library C:\Users\HP\.vscode\extensions\redhat.java-1.38.0-win32-x64\jre\17.0.13-win32-x86_64\bin\net.dll
Event: 0.849 Loaded shared library C:\Users\HP\.vscode\extensions\redhat.java-1.38.0-win32-x64\jre\17.0.13-win32-x86_64\bin\nio.dll
Event: 0.976 Loaded shared library C:\Users\HP\.vscode\extensions\redhat.java-1.38.0-win32-x64\jre\17.0.13-win32-x86_64\bin\zip.dll
Event: 1.066 Loaded shared library C:\Users\HP\.vscode\extensions\redhat.java-1.38.0-win32-x64\jre\17.0.13-win32-x86_64\bin\jimage.dll
Event: 1.636 Loaded shared library c:\Users\HP\.vscode\extensions\redhat.java-1.38.0-win32-x64\jre\17.0.13-win32-x86_64\bin\verify.dll
Event: 10.203 Loaded shared library C:\Users\HP\AppData\Roaming\Code\User\globalStorage\redhat.java\1.38.0\config_win\org.eclipse.equinox.launcher\org.eclipse.equinox.launcher.win32.win32.x86_64_1.2.1100.v20240722-2106\eclipse_11904.dll
Event: 24.197 Loaded shared library C:\Users\HP\AppData\Local\Temp\jna-2312\jna11878145612461433884.dll

Deoptimization events (20 events):
Event: 49.718 Thread 0x0000026b7d7ddf50 DEOPT PACKING pc=0x0000026b07dcc380 sp=0x000000ae516feb70
Event: 49.718 Thread 0x0000026b7d7ddf50 DEOPT UNPACKING pc=0x0000026b075866a3 sp=0x000000ae516feb10 mode 2
Event: 54.992 Thread 0x0000026b7d7dda40 Uncommon trap: trap_request=0xffffff45 fr.pc=0x0000026b07d9aaa4 relative=0x00000000000000a4
Event: 54.992 Thread 0x0000026b7d7dda40 Uncommon trap: reason=unstable_if action=reinterpret pc=0x0000026b07d9aaa4 method=org.eclipse.core.runtime.SubMonitor.<init>(Lorg/eclipse/core/runtime/SubMonitor$RootInfo;III)V @ 21 c2
Event: 54.992 Thread 0x0000026b7d7dda40 DEOPT PACKING pc=0x0000026b07d9aaa4 sp=0x000000ae514fede0
Event: 54.992 Thread 0x0000026b7d7dda40 DEOPT UNPACKING pc=0x0000026b075866a3 sp=0x000000ae514fed60 mode 2
Event: 54.992 Thread 0x0000026b7d7dda40 Uncommon trap: trap_request=0xffffff45 fr.pc=0x0000026b07db93dc relative=0x000000000000063c
Event: 54.992 Thread 0x0000026b7d7dda40 Uncommon trap: reason=unstable_if action=reinterpret pc=0x0000026b07db93dc method=org.eclipse.core.runtime.SubMonitor.newChild(II)Lorg/eclipse/core/runtime/SubMonitor; @ 51 c2
Event: 54.992 Thread 0x0000026b7d7dda40 DEOPT PACKING pc=0x0000026b07db93dc sp=0x000000ae514fee70
Event: 54.992 Thread 0x0000026b7d7dda40 DEOPT UNPACKING pc=0x0000026b075866a3 sp=0x000000ae514fee30 mode 2
Event: 54.992 Thread 0x0000026b7d7dda40 Uncommon trap: trap_request=0xffffff45 fr.pc=0x0000026b07d9b124 relative=0x0000000000000104
Event: 54.992 Thread 0x0000026b7d7dda40 Uncommon trap: reason=unstable_if action=reinterpret pc=0x0000026b07d9b124 method=org.eclipse.core.runtime.SubMonitor.consume(D)I @ 28 c2
Event: 54.993 Thread 0x0000026b7d7dda40 DEOPT PACKING pc=0x0000026b07d9b124 sp=0x000000ae514fee10
Event: 54.993 Thread 0x0000026b7d7dda40 DEOPT UNPACKING pc=0x0000026b075866a3 sp=0x000000ae514feda0 mode 2
Event: 55.053 Thread 0x0000026b7d7ddf50 Uncommon trap: trap_request=0xffffff45 fr.pc=0x0000026b07d9b540 relative=0x0000000000000080
Event: 55.396 Thread 0x0000026b7d7ddf50 Uncommon trap: reason=unstable_if action=reinterpret pc=0x0000026b07d9b540 method=java.lang.Math.min(DD)D @ 36 c2
Event: 55.396 Thread 0x0000026b7d7ddf50 DEOPT PACKING pc=0x0000026b07d9b540 sp=0x000000ae516fed60
Event: 55.396 Thread 0x0000026b7d7ddf50 DEOPT UNPACKING pc=0x0000026b075866a3 sp=0x000000ae516fed00 mode 2
Event: 68.345 Thread 0x0000026b7e00bbe0 DEOPT PACKING pc=0x0000026b00aa3007 sp=0x000000ae525fd690
Event: 68.345 Thread 0x0000026b7e00bbe0 DEOPT UNPACKING pc=0x0000026b07586e43 sp=0x000000ae525fcc10 mode 0

Classes loaded (20 events):
Event: 55.023 Loading class sun/nio/ch/Util$4
Event: 55.023 Loading class sun/nio/ch/Util$4 done
Event: 55.029 Loading class java/nio/file/ClosedDirectoryStreamException
Event: 55.029 Loading class java/nio/file/ClosedDirectoryStreamException done
Event: 55.029 Loading class jdk/internal/jrtfs/JrtFileSystem
Event: 55.030 Loading class jdk/internal/jrtfs/JrtFileSystem done
Event: 55.030 Loading class jdk/internal/jrtfs/JrtPath
Event: 55.536 Loading class java/net/HttpURLConnection
Event: 55.537 Loading class java/net/HttpURLConnection done
Event: 60.913 Loading class jdk/internal/jrtfs/JrtPath done
Event: 60.958 Loading class jdk/internal/jimage/ImageReader$Node
Event: 60.959 Loading class jdk/internal/jimage/ImageReader$Node done
Event: 60.968 Loading class java/nio/ByteBufferAsIntBufferL
Event: 60.969 Loading class java/nio/ByteBufferAsIntBufferL done
Event: 60.974 Loading class jdk/internal/jimage/ImageReader$Directory
Event: 60.974 Loading class jdk/internal/jimage/ImageReader$Directory done
Event: 61.072 Loading class java/util/concurrent/ConcurrentHashMap$ValueSpliterator
Event: 61.072 Loading class java/util/concurrent/ConcurrentHashMap$ValueSpliterator done
Event: 61.082 Loading class jdk/internal/loader/BootLoader$PackageHelper
Event: 61.082 Loading class jdk/internal/loader/BootLoader$PackageHelper done

Classes unloaded (7 events):
Event: 34.777 Thread 0x0000026b771297d0 Unloading class 0x0000000100258000 'java/lang/invoke/LambdaForm$MH+0x0000000100258000'
Event: 34.777 Thread 0x0000026b771297d0 Unloading class 0x0000000100253c00 'java/lang/invoke/LambdaForm$MH+0x0000000100253c00'
Event: 34.777 Thread 0x0000026b771297d0 Unloading class 0x0000000100253800 'java/lang/invoke/LambdaForm$MH+0x0000000100253800'
Event: 34.777 Thread 0x0000026b771297d0 Unloading class 0x0000000100253400 'java/lang/invoke/LambdaForm$MH+0x0000000100253400'
Event: 34.777 Thread 0x0000026b771297d0 Unloading class 0x0000000100253000 'java/lang/invoke/LambdaForm$BMH+0x0000000100253000'
Event: 34.777 Thread 0x0000026b771297d0 Unloading class 0x0000000100252c00 'java/lang/invoke/LambdaForm$DMH+0x0000000100252c00'
Event: 34.777 Thread 0x0000026b771297d0 Unloading class 0x0000000100250400 'java/lang/invoke/LambdaForm$DMH+0x0000000100250400'

Classes redefined (0 events):
No events

Internal exceptions (20 events):
Event: 43.164 Thread 0x0000026b7d7dd530 Implicit null exception at 0x0000026b07bf942f to 0x0000026b07bf95d8
Event: 43.164 Thread 0x0000026b7d7dd530 Implicit null exception at 0x0000026b07b63289 to 0x0000026b07b64538
Event: 43.168 Thread 0x0000026b7d7dd530 Exception <a 'java/lang/NoSuchMethodError'{0x00000000ec06f4b8}: 'java.lang.Object java.lang.invoke.Invokers$Holder.invokeExact_MT(java.lang.Object, int, java.lang.Object)'> (0x00000000ec06f4b8) 
thrown [s\src\hotspot\share\interpreter\linkResolver.cpp, line 759]
Event: 43.325 Thread 0x0000026b7e008e50 Exception <a 'java/lang/NoSuchMethodError'{0x00000000eaf15190}: 'void java.lang.invoke.DirectMethodHandle$Holder.invokeStaticInit(java.lang.Object, java.lang.Object, java.lang.Object, java.lang.Object)'> (0x00000000eaf15190) 
thrown [s\src\hotspot\share\interpreter\linkResolver.cpp, line 759]
Event: 43.330 Thread 0x0000026b7d7ddf50 Exception <a 'sun/nio/fs/WindowsException'{0x00000000eaf33620}> (0x00000000eaf33620) 
thrown [s\src\hotspot\share\prims\jni.cpp, line 516]
Event: 43.331 Thread 0x0000026b7d7ddf50 Exception <a 'sun/nio/fs/WindowsException'{0x00000000eaf33b60}> (0x00000000eaf33b60) 
thrown [s\src\hotspot\share\prims\jni.cpp, line 516]
Event: 44.037 Thread 0x0000026b7d7ddf50 Exception <a 'sun/nio/fs/WindowsException'{0x00000000eb619c18}> (0x00000000eb619c18) 
thrown [s\src\hotspot\share\prims\jni.cpp, line 516]
Event: 44.037 Thread 0x0000026b7d7ddf50 Exception <a 'sun/nio/fs/WindowsException'{0x00000000eb61a158}> (0x00000000eb61a158) 
thrown [s\src\hotspot\share\prims\jni.cpp, line 516]
Event: 44.674 Thread 0x0000026b7e008940 Exception <a 'java/lang/NoSuchMethodError'{0x00000000ebc03200}: 'java.lang.Object java.lang.invoke.DirectMethodHandle$Holder.invokeStatic(java.lang.Object, int, java.lang.Object, java.lang.Object)'> (0x00000000ebc03200) 
thrown [s\src\hotspot\share\interpreter\linkResolver.cpp, line 759]
Event: 44.677 Thread 0x0000026b7e008940 Exception <a 'java/lang/NoSuchMethodError'{0x00000000ebc06f80}: 'java.lang.Object java.lang.invoke.DelegatingMethodHandle$Holder.delegate(java.lang.Object, int, java.lang.Object, java.lang.Object)'> (0x00000000ebc06f80) 
thrown [s\src\hotspot\share\interpreter\linkResolver.cpp, line 759]
Event: 44.680 Thread 0x0000026b7e008940 Exception <a 'java/lang/NoSuchMethodError'{0x00000000ebc3d748}: 'int java.lang.invoke.Invokers$Holder.linkToTargetMethod(java.lang.Object, java.lang.Object, java.lang.Object)'> (0x00000000ebc3d748) 
thrown [s\src\hotspot\share\interpreter\linkResolver.cpp, line 759]
Event: 44.954 Thread 0x0000026b7d7ddf50 Exception <a 'sun/nio/fs/WindowsException'{0x00000000ec053530}> (0x00000000ec053530) 
thrown [s\src\hotspot\share\prims\jni.cpp, line 516]
Event: 44.954 Thread 0x0000026b7d7ddf50 Exception <a 'sun/nio/fs/WindowsException'{0x00000000ec053a70}> (0x00000000ec053a70) 
thrown [s\src\hotspot\share\prims\jni.cpp, line 516]
Event: 45.012 Thread 0x0000026b7d7ddf50 Exception <a 'java/io/FileNotFoundException'{0x00000000eab3c9b0}> (0x00000000eab3c9b0) 
thrown [s\src\hotspot\share\prims\jni.cpp, line 516]
Event: 45.096 Thread 0x0000026b7d7dd530 Exception <a 'java/lang/NoClassDefFoundError'{0x00000000eac766a0}: com/google/inject/servlet/ServletModuleTargetVisitor> (0x00000000eac766a0) 
thrown [s\src\hotspot\share\classfile\systemDictionary.cpp, line 245]
Event: 45.465 Thread 0x0000026b7d7ddf50 Exception <a 'sun/nio/fs/WindowsException'{0x00000000eb2d3220}> (0x00000000eb2d3220) 
thrown [s\src\hotspot\share\prims\jni.cpp, line 516]
Event: 46.113 Thread 0x0000026b7e008e50 Exception <a 'java/lang/NoSuchMethodError'{0x00000000eb9d9d90}: 'int java.lang.invoke.DirectMethodHandle$Holder.invokeSpecialIFC(java.lang.Object, java.lang.Object, java.lang.Object, java.lang.Object)'> (0x00000000eb9d9d90) 
thrown [s\src\hotspot\share\interpreter\linkResolver.cpp, line 759]
Event: 46.836 Thread 0x0000026b7e008e50 Exception <a 'java/lang/NoSuchMethodError'{0x00000000eaf01150}: 'int java.lang.invoke.DirectMethodHandle$Holder.invokeInterface(java.lang.Object, java.lang.Object)'> (0x00000000eaf01150) 
thrown [s\src\hotspot\share\interpreter\linkResolver.cpp, line 759]
Event: 46.837 Thread 0x0000026b7e008e50 Exception <a 'java/lang/IncompatibleClassChangeError'{0x00000000eaf046a8}: Found class java.lang.Object, but interface was expected> (0x00000000eaf046a8) 
thrown [s\src\hotspot\share\interpreter\linkResolver.cpp, line 826]
Event: 55.021 Thread 0x0000026b7d7de460 Exception <a 'java/lang/NoSuchMethodError'{0x00000000eabfb9d0}: 'java.lang.Object java.lang.invoke.Invokers$Holder.invoke_MT(java.lang.Object, java.lang.Object, java.lang.Object)'> (0x00000000eabfb9d0) 
thrown [s\src\hotspot\share\interpreter\linkResolver.cpp, line 759]

VM Operations (20 events):
Event: 48.683 Executing VM operation: HandshakeAllThreads
Event: 48.700 Executing VM operation: HandshakeAllThreads done
Event: 48.992 Executing VM operation: ParallelGCFailedAllocation
Event: 49.000 Executing VM operation: ParallelGCFailedAllocation done
Event: 49.464 Executing VM operation: HandshakeAllThreads
Event: 49.480 Executing VM operation: HandshakeAllThreads done
Event: 49.749 Executing VM operation: ParallelGCFailedAllocation
Event: 54.990 Executing VM operation: ParallelGCFailedAllocation done
Event: 55.651 Executing VM operation: HandshakeAllThreads
Event: 60.918 Executing VM operation: HandshakeAllThreads done
Event: 60.918 Executing VM operation: Cleanup
Event: 60.918 Executing VM operation: Cleanup done
Event: 60.918 Executing VM operation: HandshakeAllThreads
Event: 60.919 Executing VM operation: HandshakeAllThreads done
Event: 60.970 Executing VM operation: HandshakeAllThreads
Event: 60.971 Executing VM operation: HandshakeAllThreads done
Event: 60.971 Executing VM operation: HandshakeAllThreads
Event: 60.971 Executing VM operation: HandshakeAllThreads done
Event: 61.980 Executing VM operation: Cleanup
Event: 68.047 Executing VM operation: Cleanup done

Memory protections (0 events):
No events

Nmethod flushes (20 events):
Event: 39.680 Thread 0x0000026b7723e290 flushing  nmethod 0x0000026b009a0e90
Event: 39.680 Thread 0x0000026b7723e290 flushing  nmethod 0x0000026b009a1410
Event: 39.680 Thread 0x0000026b7723e290 flushing  nmethod 0x0000026b009a2910
Event: 39.680 Thread 0x0000026b7723e290 flushing  nmethod 0x0000026b009a3010
Event: 39.680 Thread 0x0000026b7723e290 flushing  nmethod 0x0000026b009a6490
Event: 39.680 Thread 0x0000026b7723e290 flushing  nmethod 0x0000026b009ca090
Event: 39.680 Thread 0x0000026b7723e290 flushing  nmethod 0x0000026b009cd910
Event: 39.681 Thread 0x0000026b7723e290 flushing  nmethod 0x0000026b00a09f90
Event: 39.681 Thread 0x0000026b7723e290 flushing  nmethod 0x0000026b00a37990
Event: 39.681 Thread 0x0000026b7723e290 flushing  nmethod 0x0000026b00a60b90
Event: 39.681 Thread 0x0000026b7723e290 flushing  nmethod 0x0000026b00a79690
Event: 39.682 Thread 0x0000026b7723e290 flushing  nmethod 0x0000026b00a7ab10
Event: 39.682 Thread 0x0000026b7723e290 flushing  nmethod 0x0000026b00a7bd90
Event: 39.682 Thread 0x0000026b7723e290 flushing  nmethod 0x0000026b00a7db90
Event: 39.682 Thread 0x0000026b7723e290 flushing  nmethod 0x0000026b00a88e10
Event: 39.682 Thread 0x0000026b7723e290 flushing  nmethod 0x0000026b00a8b010
Event: 39.682 Thread 0x0000026b7723e290 flushing  nmethod 0x0000026b00a9a790
Event: 39.682 Thread 0x0000026b7723e290 flushing  nmethod 0x0000026b00a9b810
Event: 39.682 Thread 0x0000026b7723e290 flushing  nmethod 0x0000026b00aa4e90
Event: 39.682 Thread 0x0000026b7723e290 flushing  nmethod 0x0000026b00abae90

Events (20 events):
Event: 25.298 Thread 0x0000026b7d7dd530 Thread added: 0x0000026b7d7dda40
Event: 25.475 Thread 0x0000026b7d01ccf0 Thread added: 0x0000026b7d7dfdb0
Event: 33.399 Thread 0x0000026b7d7dda40 Thread added: 0x0000026b7d7ddf50
Event: 35.931 Thread 0x0000026b7d01ccf0 Thread added: 0x0000026b7d7de460
Event: 37.095 Thread 0x0000026b7d7dfdb0 Thread exited: 0x0000026b7d7dfdb0
Event: 39.184 Thread 0x0000026b723aca10 Thread added: 0x0000026b7d7df390
Event: 39.184 Thread 0x0000026b723aca10 Thread added: 0x0000026b7d7dfdb0
Event: 39.184 Thread 0x0000026b723aca10 Thread added: 0x0000026b7e005bb0
Event: 39.184 Thread 0x0000026b723aca10 Thread added: 0x0000026b7e006ff0
Event: 39.184 Thread 0x0000026b723aca10 Thread added: 0x0000026b7e00a290
Event: 39.227 Thread 0x0000026b7d7dda40 Thread added: 0x0000026b7e008e50
Event: 39.335 Thread 0x0000026b723aca10 Thread added: 0x0000026b7e00a7a0
Event: 39.800 Thread 0x0000026b7d7dda40 Thread added: 0x0000026b7e008430
Event: 42.174 Thread 0x0000026b723aca10 Thread added: 0x0000026b7e007500
Event: 42.174 Thread 0x0000026b723aca10 Thread added: 0x0000026b7e008940
Event: 45.938 Thread 0x0000026b7d7dda40 Thread added: 0x0000026b7e0065d0
Event: 46.083 Thread 0x0000026b7e0065d0 Thread added: 0x0000026b7e009360
Event: 46.617 Thread 0x0000026b7e0065d0 Thread added: 0x0000026b7e00acb0
Event: 49.044 Thread 0x0000026b7e008e50 Thread added: 0x0000026b7e006ae0
Event: 49.647 Thread 0x0000026b7e008e50 Thread added: 0x0000026b7e00bbe0


Dynamic libraries:
0x00007ff7b9f30000 - 0x00007ff7b9f3e000 	c:\Users\HP\.vscode\extensions\redhat.java-1.38.0-win32-x64\jre\17.0.13-win32-x86_64\bin\java.exe
0x00007ffc15490000 - 0x00007ffc156a7000 	C:\WINDOWS\SYSTEM32\ntdll.dll
0x00007ffc147b0000 - 0x00007ffc14874000 	C:\WINDOWS\System32\KERNEL32.DLL
0x00007ffc12bf0000 - 0x00007ffc12faa000 	C:\WINDOWS\System32\KERNELBASE.dll
0x00007ffc12ad0000 - 0x00007ffc12be1000 	C:\WINDOWS\System32\ucrtbase.dll
0x00007ffc0cbf0000 - 0x00007ffc0cc07000 	c:\Users\HP\.vscode\extensions\redhat.java-1.38.0-win32-x64\jre\17.0.13-win32-x86_64\bin\jli.dll
0x00007ffc14db0000 - 0x00007ffc14f5e000 	C:\WINDOWS\System32\USER32.dll
0x00007ffc13150000 - 0x00007ffc13176000 	C:\WINDOWS\System32\win32u.dll
0x00007ffc149a0000 - 0x00007ffc149c9000 	C:\WINDOWS\System32\GDI32.dll
0x00007ffc12750000 - 0x00007ffc1286b000 	C:\WINDOWS\System32\gdi32full.dll
0x00007ffc12fb0000 - 0x00007ffc1304a000 	C:\WINDOWS\System32\msvcp_win.dll
0x00007ffc01630000 - 0x00007ffc0164e000 	c:\Users\HP\.vscode\extensions\redhat.java-1.38.0-win32-x64\jre\17.0.13-win32-x86_64\bin\VCRUNTIME140.dll
0x00007ffbf5b20000 - 0x00007ffbf5db2000 	C:\WINDOWS\WinSxS\amd64_microsoft.windows.common-controls_6595b64144ccf1df_6.0.22621.4541_none_2710d1c57384c085\COMCTL32.dll
0x00007ffc146d0000 - 0x00007ffc14777000 	C:\WINDOWS\System32\msvcrt.dll
0x00007ffc14f60000 - 0x00007ffc14f91000 	C:\WINDOWS\System32\IMM32.DLL
0x00007ffc02a00000 - 0x00007ffc02a0c000 	c:\Users\HP\.vscode\extensions\redhat.java-1.38.0-win32-x64\jre\17.0.13-win32-x86_64\bin\vcruntime140_1.dll
0x00007ffbd6be0000 - 0x00007ffbd6c6d000 	c:\Users\HP\.vscode\extensions\redhat.java-1.38.0-win32-x64\jre\17.0.13-win32-x86_64\bin\msvcp140.dll
0x00007ffb95c50000 - 0x00007ffb968bb000 	c:\Users\HP\.vscode\extensions\redhat.java-1.38.0-win32-x64\jre\17.0.13-win32-x86_64\bin\server\jvm.dll
0x00007ffc14fc0000 - 0x00007ffc15072000 	C:\WINDOWS\System32\ADVAPI32.dll
0x00007ffc149d0000 - 0x00007ffc14a77000 	C:\WINDOWS\System32\sechost.dll
0x00007ffc12930000 - 0x00007ffc12958000 	C:\WINDOWS\System32\bcrypt.dll
0x00007ffc14880000 - 0x00007ffc14994000 	C:\WINDOWS\System32\RPCRT4.dll
0x00007ffc14b80000 - 0x00007ffc14bf1000 	C:\WINDOWS\System32\WS2_32.dll
0x00007ffc12620000 - 0x00007ffc1266d000 	C:\WINDOWS\SYSTEM32\POWRPROF.dll
0x00007ffc0c340000 - 0x00007ffc0c374000 	C:\WINDOWS\SYSTEM32\WINMM.dll
0x00007ffc0bd10000 - 0x00007ffc0bd1a000 	C:\WINDOWS\SYSTEM32\VERSION.dll
0x00007ffc12600000 - 0x00007ffc12613000 	C:\WINDOWS\SYSTEM32\UMPDC.dll
0x00007ffc11750000 - 0x00007ffc11768000 	C:\WINDOWS\SYSTEM32\kernel.appcore.dll
0x00007ffbfeb70000 - 0x00007ffbfeb7a000 	c:\Users\HP\.vscode\extensions\redhat.java-1.38.0-win32-x64\jre\17.0.13-win32-x86_64\bin\jimage.dll
0x00007ffc10030000 - 0x00007ffc10262000 	C:\WINDOWS\SYSTEM32\DBGHELP.DLL
0x00007ffc13a10000 - 0x00007ffc13da1000 	C:\WINDOWS\System32\combase.dll
0x00007ffc13e00000 - 0x00007ffc13ed7000 	C:\WINDOWS\System32\OLEAUT32.dll
0x00007ffc098b0000 - 0x00007ffc098e2000 	C:\WINDOWS\SYSTEM32\dbgcore.DLL
0x00007ffc13050000 - 0x00007ffc130cb000 	C:\WINDOWS\System32\bcryptPrimitives.dll
0x00007ffbfeb00000 - 0x00007ffbfeb0e000 	c:\Users\HP\.vscode\extensions\redhat.java-1.38.0-win32-x64\jre\17.0.13-win32-x86_64\bin\instrument.dll
0x00007ffbd6bb0000 - 0x00007ffbd6bd5000 	c:\Users\HP\.vscode\extensions\redhat.java-1.38.0-win32-x64\jre\17.0.13-win32-x86_64\bin\java.dll
0x00007ffbf8360000 - 0x00007ffbf8378000 	c:\Users\HP\.vscode\extensions\redhat.java-1.38.0-win32-x64\jre\17.0.13-win32-x86_64\bin\zip.dll
0x00007ffc13180000 - 0x00007ffc139f9000 	C:\WINDOWS\System32\SHELL32.dll
0x00007ffc10640000 - 0x00007ffc10f49000 	C:\WINDOWS\SYSTEM32\windows.storage.dll
0x00007ffc10500000 - 0x00007ffc1063f000 	C:\WINDOWS\SYSTEM32\wintypes.dll
0x00007ffc14a80000 - 0x00007ffc14b7a000 	C:\WINDOWS\System32\SHCORE.dll
0x00007ffc13ee0000 - 0x00007ffc13f3e000 	C:\WINDOWS\System32\shlwapi.dll
0x00007ffc12680000 - 0x00007ffc126ab000 	C:\WINDOWS\SYSTEM32\profapi.dll
0x00007ffbe95e0000 - 0x00007ffbe95f9000 	C:\Users\HP\.vscode\extensions\redhat.java-1.38.0-win32-x64\jre\17.0.13-win32-x86_64\bin\net.dll
0x00007ffc0bb80000 - 0x00007ffc0bcb6000 	C:\WINDOWS\SYSTEM32\WINHTTP.dll
0x00007ffc11bd0000 - 0x00007ffc11c39000 	C:\WINDOWS\system32\mswsock.dll
0x00007ffbe3170000 - 0x00007ffbe3186000 	C:\Users\HP\.vscode\extensions\redhat.java-1.38.0-win32-x64\jre\17.0.13-win32-x86_64\bin\nio.dll
0x00007ffbfe7f0000 - 0x00007ffbfe800000 	c:\Users\HP\.vscode\extensions\redhat.java-1.38.0-win32-x64\jre\17.0.13-win32-x86_64\bin\verify.dll
0x00007ffbd5260000 - 0x00007ffbd52a5000 	C:\Users\HP\AppData\Roaming\Code\User\globalStorage\redhat.java\1.38.0\config_win\org.eclipse.equinox.launcher\org.eclipse.equinox.launcher.win32.win32.x86_64_1.2.1100.v20240722-2106\eclipse_11904.dll
0x00007ffc152a0000 - 0x00007ffc15445000 	C:\WINDOWS\System32\ole32.dll
0x00007ffc11e50000 - 0x00007ffc11e6b000 	C:\WINDOWS\SYSTEM32\CRYPTSP.dll
0x00007ffc116b0000 - 0x00007ffc116e5000 	C:\WINDOWS\system32\rsaenh.dll
0x00007ffc11cb0000 - 0x00007ffc11cd8000 	C:\WINDOWS\SYSTEM32\USERENV.dll
0x00007ffc11e40000 - 0x00007ffc11e4c000 	C:\WINDOWS\SYSTEM32\CRYPTBASE.dll
0x00007ffc111b0000 - 0x00007ffc111dd000 	C:\WINDOWS\SYSTEM32\IPHLPAPI.DLL
0x00007ffc147a0000 - 0x00007ffc147a9000 	C:\WINDOWS\System32\NSI.dll
0x00007ffc0b940000 - 0x00007ffc0b959000 	C:\WINDOWS\SYSTEM32\dhcpcsvc6.DLL
0x00007ffc0b900000 - 0x00007ffc0b91f000 	C:\WINDOWS\SYSTEM32\dhcpcsvc.DLL
0x00007ffc11220000 - 0x00007ffc11322000 	C:\WINDOWS\SYSTEM32\DNSAPI.dll
0x00007ffbd6ea0000 - 0x00007ffbd6ee9000 	C:\Users\HP\AppData\Local\Temp\jna-2312\jna11878145612461433884.dll
0x00007ffc13a00000 - 0x00007ffc13a08000 	C:\WINDOWS\System32\PSAPI.DLL

dbghelp: loaded successfully - version: 4.0.5 - missing functions: none
symbol engine: initialized successfully - sym options: 0x614 - pdb path: .;c:\Users\HP\.vscode\extensions\redhat.java-1.38.0-win32-x64\jre\17.0.13-win32-x86_64\bin;C:\WINDOWS\SYSTEM32;C:\WINDOWS\WinSxS\amd64_microsoft.windows.common-controls_6595b64144ccf1df_6.0.22621.4541_none_2710d1c57384c085;c:\Users\HP\.vscode\extensions\redhat.java-1.38.0-win32-x64\jre\17.0.13-win32-x86_64\bin\server;C:\Users\HP\AppData\Roaming\Code\User\globalStorage\redhat.java\1.38.0\config_win\org.eclipse.equinox.launcher\org.eclipse.equinox.launcher.win32.win32.x86_64_1.2.1100.v20240722-2106;C:\Users\HP\AppData\Local\Temp\jna-2312

VM Arguments:
jvm_args: --add-modules=ALL-SYSTEM --add-opens=java.base/java.util=ALL-UNNAMED --add-opens=java.base/java.lang=ALL-UNNAMED --add-opens=java.base/sun.nio.fs=ALL-UNNAMED -Declipse.application=org.eclipse.jdt.ls.core.id1 -Dosgi.bundles.defaultStartLevel=4 -Declipse.product=org.eclipse.jdt.ls.core.product -Djava.import.generatesMetadataFilesAtProjectRoot=false -DDetectVMInstallationsJob.disabled=true -Dfile.encoding=utf8 -XX:+UseParallelGC -XX:GCTimeRatio=4 -XX:AdaptiveSizePolicyWeight=90 -Dsun.zip.disableMemoryMapping=true -Xmx1G -Xms100m -Xlog:disable -javaagent:c:\Users\HP\.vscode\extensions\redhat.java-1.38.0-win32-x64\lombok\lombok-1.18.34.jar -XX:+HeapDumpOnOutOfMemoryError -XX:HeapDumpPath=c:\Users\HP\AppData\Roaming\Code\User\workspaceStorage\f27a0ad543d219c3c486f4fca3b035bd\redhat.java -Daether.dependencyCollector.impl=bf 
java_command: c:\Users\HP\.vscode\extensions\redhat.java-1.38.0-win32-x64\server\plugins\org.eclipse.equinox.launcher_1.6.900.v20240613-2009.jar -configuration c:\Users\HP\AppData\Roaming\Code\User\globalStorage\redhat.java\1.38.0\config_win -data c:\Users\HP\AppData\Roaming\Code\User\workspaceStorage\f27a0ad543d219c3c486f4fca3b035bd\redhat.java\jdt_ws --pipe=\\.\pipe\lsp-1afe3d2b3f15087c88791cf9b88dd2f8-sock
java_class_path (initial): c:\Users\HP\.vscode\extensions\redhat.java-1.38.0-win32-x64\server\plugins\org.eclipse.equinox.launcher_1.6.900.v20240613-2009.jar
Launcher Type: SUN_STANDARD

[Global flags]
    uintx AdaptiveSizePolicyWeight                 = 90                                        {product} {command line}
     intx CICompilerCount                          = 3                                         {product} {ergonomic}
    uintx GCTimeRatio                              = 4                                         {product} {command line}
     bool HeapDumpOnOutOfMemoryError               = true                                   {manageable} {command line}
    ccstr HeapDumpPath                             = c:\Users\HP\AppData\Roaming\Code\User\workspaceStorage\f27a0ad543d219c3c486f4fca3b035bd\redhat.java         {manageable} {command line}
   size_t InitialHeapSize                          = 104857600                                 {product} {command line}
   size_t MaxHeapSize                              = 1073741824                                {product} {command line}
   size_t MaxNewSize                               = 357564416                                 {product} {ergonomic}
   size_t MinHeapDeltaBytes                        = 524288                                    {product} {ergonomic}
   size_t MinHeapSize                              = 104857600                                 {product} {command line}
   size_t NewSize                                  = 34603008                                  {product} {ergonomic}
    uintx NonNMethodCodeHeapSize                   = 5832780                                {pd product} {ergonomic}
    uintx NonProfiledCodeHeapSize                  = 122912730                              {pd product} {ergonomic}
   size_t OldSize                                  = 70254592                                  {product} {ergonomic}
    uintx ProfiledCodeHeapSize                     = 122912730                              {pd product} {ergonomic}
    uintx ReservedCodeCacheSize                    = 251658240                              {pd product} {ergonomic}
     bool SegmentedCodeCache                       = true                                      {product} {ergonomic}
   size_t SoftMaxHeapSize                          = 1073741824                             {manageable} {ergonomic}
     bool UseCompressedClassPointers               = true                           {product lp64_product} {ergonomic}
     bool UseCompressedOops                        = true                           {product lp64_product} {ergonomic}
     bool UseLargePagesIndividualAllocation        = false                                  {pd product} {ergonomic}
     bool UseParallelGC                            = true                                      {product} {command line}

Logging:
Log output configuration:
 #0: stdout all=off uptime,level,tags
 #1: stderr all=off uptime,level,tags

Environment Variables:
JAVA_HOME=D:\Java\jdk-21
PATH=C:\Program Files\Common Files\Oracle\Java\javapath;C:\WINDOWS\system32;C:\WINDOWS;C:\WINDOWS\System32\Wbem;C:\WINDOWS\System32\WindowsPowerShell\v1.0\;C:\WINDOWS\System32\OpenSSH\;D:\Android\sdk\platform-tools;D:\Git\cmd;D:\MongoDB\Server\7.0\bin;D:\nodejs\;D:\Docker\Docker\resources\bin;D:\Program Files\Redis\;C:\Users\HP\AppData\Local\Microsoft\WindowsApps;C:\Program Files\Azure Data Studio\bin;D:\VisualStudioCode\Microsoft VS Code\bin;D:\MongoDB\Server\7.0\bin;D:\MongoDB\mongosh\;D:\heroku\bin;C:\Users\HP\AppData\Roaming\npm
USERNAME=HP
OS=Windows_NT
PROCESSOR_IDENTIFIER=Intel64 Family 6 Model 142 Stepping 10, GenuineIntel
TMP=C:\Users\HP\AppData\Local\Temp
TEMP=C:\Users\HP\AppData\Local\Temp



Periodic native trim disabled


---------------  S Y S T E M  ---------------

OS:
 Windows 11 , 64 bit Build 22621 (10.0.22621.4391)
OS uptime: 1 days 6:48 hours
Hyper-V role detected

CPU: total 4 (initial active 4) (2 cores per cpu, 2 threads per core) family 6 model 142 stepping 10 microcode 0xf4, cx8, cmov, fxsr, ht, mmx, 3dnowpref, sse, sse2, sse3, ssse3, sse4.1, sse4.2, popcnt, lzcnt, tsc, tscinvbit, avx, avx2, aes, erms, clmul, bmi1, bmi2, adx, fma, vzeroupper, clflush, clflushopt, hv
Processor Information for all 4 processors :
  Max Mhz: 2201, Current Mhz: 2201, Mhz Limit: 2201

Memory: 4k page, system-wide physical 8094M (223M free)
TotalPageFile size 21155M (AvailPageFile size 4M)
current process WorkingSet (physical memory assigned to process): 195M, peak: 206M
current process commit charge ("private bytes"): 269M, peak: 278M

vm_info: OpenJDK 64-Bit Server VM (17.0.13+11) for windows-amd64 JRE (17.0.13+11), built on Oct 16 2024 00:10:08 by "admin" with MS VC++ 17.7 (VS2022)

END.
