#
# There is insufficient memory for the Java Runtime Environment to continue.
# Native memory allocation (mmap) failed to map 65536 bytes. Error detail: Failed to commit metaspace.
# Possible reasons:
#   The system is out of physical RAM or swap space
#   This process is running with CompressedOops enabled, and the Java Heap may be blocking the growth of the native heap
# Possible solutions:
#   Reduce memory load on the system
#   Increase physical memory or swap space
#   Check if swap backing store is full
#   Decrease Java heap size (-Xmx/-Xms)
#   Decrease number of Java threads
#   Decrease Java thread stack sizes (-Xss)
#   Set larger code cache with -XX:ReservedCodeCacheSize=
#   JVM is running with Unscaled Compressed Oops mode in which the Java heap is
#     placed in the first 4GB address space. The Java Heap base address is the
#     maximum limit for the native heap growth. Please use -XX:HeapBaseMinAddress
#     to set the Java Heap base and to place the Java Heap above 4GB virtual address.
# This output file may be truncated or incomplete.
#
#  Out of Memory Error (virtualSpaceNode.cpp:110), pid=14240, tid=15508
#
# JRE version: OpenJDK Runtime Environment Temurin-17.0.13+11 (17.0.13+11) (build 17.0.13+11)
# Java VM: OpenJDK 64-Bit Server VM Temurin-17.0.13+11 (17.0.13+11, mixed mode, tiered, compressed oops, compressed class ptrs, parallel gc, windows-amd64)
# No core dump will be written. Minidumps are not enabled by default on client versions of Windows
#

---------------  S U M M A R Y ------------

Command Line: --add-modules=ALL-SYSTEM --add-opens=java.base/java.util=ALL-UNNAMED --add-opens=java.base/java.lang=ALL-UNNAMED --add-opens=java.base/sun.nio.fs=ALL-UNNAMED -Declipse.application=org.eclipse.jdt.ls.core.id1 -Dosgi.bundles.defaultStartLevel=4 -Declipse.product=org.eclipse.jdt.ls.core.product -Djava.import.generatesMetadataFilesAtProjectRoot=false -DDetectVMInstallationsJob.disabled=true -Dfile.encoding=utf8 -XX:+UseParallelGC -XX:GCTimeRatio=4 -XX:AdaptiveSizePolicyWeight=90 -Dsun.zip.disableMemoryMapping=true -Xmx1G -Xms100m -Xlog:disable -javaagent:c:\Users\HP\.vscode\extensions\redhat.java-1.38.0-win32-x64\lombok\lombok-1.18.34.jar -XX:+HeapDumpOnOutOfMemoryError -XX:HeapDumpPath=c:\Users\HP\AppData\Roaming\Code\User\workspaceStorage\f27a0ad543d219c3c486f4fca3b035bd\redhat.java -Daether.dependencyCollector.impl=bf c:\Users\HP\.vscode\extensions\redhat.java-1.38.0-win32-x64\server\plugins\org.eclipse.equinox.launcher_1.6.900.v20240613-2009.jar -configuration c:\Users\HP\AppData\Roaming\Code\User\globalStorage\redhat.java\1.38.0\config_win -data c:\Users\HP\AppData\Roaming\Code\User\workspaceStorage\f27a0ad543d219c3c486f4fca3b035bd\redhat.java\jdt_ws --pipe=\\.\pipe\lsp-dbc081eb974a892809a8fba11aa73fd9-sock

Host: Intel(R) Core(TM) i3-8130U CPU @ 2.20GHz, 4 cores, 7G,  Windows 11 , 64 bit Build 22621 (10.0.22621.4391)
Time: Mon Jan 20 13:24:53 2025 SE Asia Standard Time elapsed time: 30.004753 seconds (0d 0h 0m 30s)

---------------  T H R E A D  ---------------

Current thread (0x000001a14b697000):  JavaThread "C1 CompilerThread0" daemon [_thread_in_vm, id=15508, stack(0x000000931db00000,0x000000931dc00000)]


Current CompileTask:
C1:  30004 7365       3       java.util.regex.Pattern::escape (1327 bytes)

Stack: [0x000000931db00000,0x000000931dc00000]
Native frames: (J=compiled Java code, j=interpreted, Vv=VM code, C=native code)
V  [jvm.dll+0x682a19]
V  [jvm.dll+0x839538]
V  [jvm.dll+0x83afe3]
V  [jvm.dll+0x83b653]
V  [jvm.dll+0x24704f]
V  [jvm.dll+0x83530d]
V  [jvm.dll+0x62762e]
V  [jvm.dll+0x62769a]
V  [jvm.dll+0x629ec3]
V  [jvm.dll+0x627ff6]
V  [jvm.dll+0x6394ba]
V  [jvm.dll+0x63217a]
V  [jvm.dll+0x1cb290]
V  [jvm.dll+0x1cb480]
V  [jvm.dll+0x146e01]
V  [jvm.dll+0x146c45]
V  [jvm.dll+0x13e8f1]
V  [jvm.dll+0x140b8a]
V  [jvm.dll+0x13f08c]
V  [jvm.dll+0x14772a]
V  [jvm.dll+0x146c45]
V  [jvm.dll+0x13e8f1]
V  [jvm.dll+0x140b8a]
V  [jvm.dll+0x13f185]
V  [jvm.dll+0x139293]
V  [jvm.dll+0x1488b6]
V  [jvm.dll+0x1349e0]
V  [jvm.dll+0x134d40]
V  [jvm.dll+0x135018]
V  [jvm.dll+0x1344a1]
V  [jvm.dll+0x13618d]
V  [jvm.dll+0x22788c]
V  [jvm.dll+0x2259eb]
V  [jvm.dll+0x7eec98]
V  [jvm.dll+0x7e8ffc]
V  [jvm.dll+0x6818f7]
C  [ucrtbase.dll+0x29333]
C  [KERNEL32.DLL+0x1259d]
C  [ntdll.dll+0x5af38]


---------------  P R O C E S S  ---------------

Threads class SMR info:
_java_thread_list=0x000001a14f1aae30, length=38, elements={
0x000001a13264c940, 0x000001a14648d020, 0x000001a14648fbf0, 0x000001a1464bb320,
0x000001a1464bbdf0, 0x000001a1464bc9b0, 0x000001a1464bd570, 0x000001a1464c0370,
0x000001a14b697000, 0x000001a14b69bce0, 0x000001a14b72f020, 0x000001a14ba15670,
0x000001a14beee910, 0x000001a14bed5f30, 0x000001a14c440d70, 0x000001a14c0f87a0,
0x000001a14c7ace90, 0x000001a14c5d6d80, 0x000001a14c5d4500, 0x000001a14c5d4a10,
0x000001a14c5d7290, 0x000001a14c5d4f20, 0x000001a14c5d77a0, 0x000001a14c5d5430,
0x000001a14c5d6360, 0x000001a14c5d6870, 0x000001a14d8ea5b0, 0x000001a14d8ed340,
0x000001a14d8eb9f0, 0x000001a14d8ec920, 0x000001a14d8e8240, 0x000001a14d8eaac0,
0x000001a14d8ece30, 0x000001a14d8e8750, 0x000001a14d8e8c60, 0x000001a14d8ea0a0,
0x000001a14d8eafd0, 0x000001a14d8ebf00
}

Java Threads: ( => current thread )
  0x000001a13264c940 JavaThread "main" [_thread_blocked, id=13116, stack(0x000000931d100000,0x000000931d200000)]
  0x000001a14648d020 JavaThread "Reference Handler" daemon [_thread_blocked, id=19316, stack(0x000000931d400000,0x000000931d500000)]
  0x000001a14648fbf0 JavaThread "Finalizer" daemon [_thread_blocked, id=1976, stack(0x000000931d500000,0x000000931d600000)]
  0x000001a1464bb320 JavaThread "Signal Dispatcher" daemon [_thread_blocked, id=11944, stack(0x000000931d600000,0x000000931d700000)]
  0x000001a1464bbdf0 JavaThread "Attach Listener" daemon [_thread_blocked, id=17640, stack(0x000000931d700000,0x000000931d800000)]
  0x000001a1464bc9b0 JavaThread "Service Thread" daemon [_thread_blocked, id=12292, stack(0x000000931d800000,0x000000931d900000)]
  0x000001a1464bd570 JavaThread "Monitor Deflation Thread" daemon [_thread_blocked, id=16588, stack(0x000000931d900000,0x000000931da00000)]
  0x000001a1464c0370 JavaThread "C2 CompilerThread0" daemon [_thread_in_native, id=12920, stack(0x000000931da00000,0x000000931db00000)]
=>0x000001a14b697000 JavaThread "C1 CompilerThread0" daemon [_thread_in_vm, id=15508, stack(0x000000931db00000,0x000000931dc00000)]
  0x000001a14b69bce0 JavaThread "Sweeper thread" daemon [_thread_blocked, id=6376, stack(0x000000931dc00000,0x000000931dd00000)]
  0x000001a14b72f020 JavaThread "Common-Cleaner" daemon [_thread_blocked, id=4824, stack(0x000000931dd00000,0x000000931de00000)]
  0x000001a14ba15670 JavaThread "Notification Thread" daemon [_thread_blocked, id=16108, stack(0x000000931de00000,0x000000931df00000)]
  0x000001a14beee910 JavaThread "Active Thread: Equinox Container: d2876ae2-7aed-49ad-9164-361ead8b0bc7" [_thread_blocked, id=468, stack(0x000000931e400000,0x000000931e500000)]
  0x000001a14bed5f30 JavaThread "Refresh Thread: Equinox Container: d2876ae2-7aed-49ad-9164-361ead8b0bc7" daemon [_thread_blocked, id=8464, stack(0x000000931e300000,0x000000931e400000)]
  0x000001a14c440d70 JavaThread "Framework Event Dispatcher: Equinox Container: d2876ae2-7aed-49ad-9164-361ead8b0bc7" daemon [_thread_blocked, id=9472, stack(0x000000931e500000,0x000000931e600000)]
  0x000001a14c0f87a0 JavaThread "Start Level: Equinox Container: d2876ae2-7aed-49ad-9164-361ead8b0bc7" daemon [_thread_blocked, id=14552, stack(0x000000931e600000,0x000000931e700000)]
  0x000001a14c7ace90 JavaThread "Bundle File Closer" daemon [_thread_blocked, id=8572, stack(0x000000931e700000,0x000000931e800000)]
  0x000001a14c5d6d80 JavaThread "SCR Component Actor" daemon [_thread_blocked, id=8184, stack(0x000000931e800000,0x000000931e900000)]
  0x000001a14c5d4500 JavaThread "Worker-JM" [_thread_blocked, id=10684, stack(0x000000931ea00000,0x000000931eb00000)]
  0x000001a14c5d4a10 JavaThread "JNA Cleaner" daemon [_thread_blocked, id=17984, stack(0x000000931eb00000,0x000000931ec00000)]
  0x000001a14c5d7290 JavaThread "Worker-0" [_thread_blocked, id=16820, stack(0x000000931ec00000,0x000000931ed00000)]
  0x000001a14c5d4f20 JavaThread "Worker-1: Initialize After Load" [_thread_blocked, id=18792, stack(0x000000931ed00000,0x000000931ee00000)]
  0x000001a14c5d77a0 JavaThread "Worker-2" [_thread_blocked, id=1744, stack(0x000000931ee00000,0x000000931ef00000)]
  0x000001a14c5d5430 JavaThread "Java indexing" daemon [_thread_in_native, id=10620, stack(0x000000931ef00000,0x000000931f000000)]
  0x000001a14c5d6360 JavaThread "Thread-2" daemon [_thread_in_native, id=8620, stack(0x000000931f000000,0x000000931f100000)]
  0x000001a14c5d6870 JavaThread "Thread-3" daemon [_thread_in_native, id=5336, stack(0x000000931f100000,0x000000931f200000)]
  0x000001a14d8ea5b0 JavaThread "Thread-4" daemon [_thread_in_native, id=16116, stack(0x000000931f200000,0x000000931f300000)]
  0x000001a14d8ed340 JavaThread "Thread-5" daemon [_thread_in_native, id=7416, stack(0x000000931f300000,0x000000931f400000)]
  0x000001a14d8eb9f0 JavaThread "Thread-6" daemon [_thread_in_native, id=9524, stack(0x000000931f400000,0x000000931f500000)]
  0x000001a14d8ec920 JavaThread "pool-2-thread-1" [_thread_blocked, id=1280, stack(0x000000931f500000,0x000000931f600000)]
  0x000001a14d8e8240 JavaThread "Worker-3: Initialize Workspace" [_thread_blocked, id=12580, stack(0x000000931f600000,0x000000931f700000)]
  0x000001a14d8eaac0 JavaThread "Worker-4: Java indexing... " [_thread_blocked, id=19236, stack(0x000000931f700000,0x000000931f800000)]
  0x000001a14d8ece30 JavaThread "WorkspaceEventsHandler" [_thread_blocked, id=4916, stack(0x000000931f800000,0x000000931f900000)]
  0x000001a14d8e8750 JavaThread "pool-1-thread-1" [_thread_blocked, id=14520, stack(0x000000931f900000,0x000000931fa00000)]
  0x000001a14d8e8c60 JavaThread "Worker-5" [_thread_blocked, id=16444, stack(0x000000931fa00000,0x000000931fb00000)]
  0x000001a14d8ea0a0 JavaThread "Worker-6" [_thread_blocked, id=17208, stack(0x000000931fb00000,0x000000931fc00000)]
  0x000001a14d8eafd0 JavaThread "Timer-0" [_thread_blocked, id=15024, stack(0x000000931e900000,0x000000931ea00000)]
  0x000001a14d8ebf00 JavaThread "Connection worker" [_thread_blocked, id=3012, stack(0x000000931fc00000,0x000000931fd00000)]

Other Threads:
  0x000001a1464758e0 VMThread "VM Thread" [stack: 0x000000931d300000,0x000000931d400000] [id=13232] _threads_hazard_ptr=0x000001a14f1aae30
  0x000001a14ba15b50 WatcherThread [stack: 0x000000931df00000,0x000000931e000000] [id=16876]
  0x000001a132661d00 GCTaskThread "GC Thread#0" [stack: 0x000000931d200000,0x000000931d300000] [id=13500]
  0x000001a14be67140 GCTaskThread "GC Thread#1" [stack: 0x000000931e000000,0x000000931e100000] [id=2956]
  0x000001a14be0f410 GCTaskThread "GC Thread#2" [stack: 0x000000931e100000,0x000000931e200000] [id=18604]
  0x000001a14be0f6d0 GCTaskThread "GC Thread#3" [stack: 0x000000931e200000,0x000000931e300000] [id=13144]

Threads with active compile tasks:
C2 CompilerThread0    30092 7359 %     4       java.util.Properties::loadConvert @ 8 (540 bytes)
C1 CompilerThread0    30092 7365       3       java.util.regex.Pattern::escape (1327 bytes)

VM state: synchronizing (normal execution)

VM Mutex/Monitor currently owned by a thread:  ([mutex/lock_event])
[0x000001a132647ae0] Metaspace_lock - owner thread: 0x000001a14b697000
[0x000001a132649ea0] Threads_lock - owner thread: 0x000001a1464758e0
[0x000001a132649990] Heap_lock - owner thread: 0x000001a14d8ebf00
[0x000001a132649f30] MethodData_lock - owner thread: 0x000001a14b697000

Heap address: 0x00000000c0000000, size: 1024 MB, Compressed Oops mode: 32-bit

CDS archive(s) not mapped
Compressed class space mapped at: 0x0000000100000000-0x0000000140000000, reserved size: 1073741824
Narrow klass base: 0x0000000000000000, Narrow klass shift: 3, Narrow klass range: 0x140000000

GC Precious Log:
 CPUs: 4 total, 4 available
 Memory: 8094M
 Large Page Support: Disabled
 NUMA Support: Disabled
 Compressed Oops: Enabled (32-bit)
 Alignments: Space 512K, Generation 512K, Heap 2M
 Heap Min Capacity: 100M
 Heap Initial Capacity: 100M
 Heap Max Capacity: 1G
 Pre-touch: Disabled
 Parallel Workers: 4

Heap:
 PSYoungGen      total 20992K, used 20976K [0x00000000eab00000, 0x00000000ed480000, 0x0000000100000000)
  eden space 16384K, 100% used [0x00000000eab00000,0x00000000ebb00000,0x00000000ebb00000)
  from space 4608K, 99% used [0x00000000ec500000,0x00000000ec97c078,0x00000000ec980000)
  to   space 10240K, 0% used [0x00000000ebb00000,0x00000000ebb00000,0x00000000ec500000)
 ParOldGen       total 68608K, used 32099K [0x00000000c0000000, 0x00000000c4300000, 0x00000000eab00000)
  object space 68608K, 46% used [0x00000000c0000000,0x00000000c1f58fa8,0x00000000c4300000)
 Metaspace       used 58295K, committed 59456K, reserved 1114112K
  class space    used 6464K, committed 6976K, reserved 1048576K

Card table byte_map: [0x000001a132000000,0x000001a132210000] _byte_map_base: 0x000001a131a00000

Marking Bits: (ParMarkBitMap*) 0x00007ffb967f6940
 Begin Bits: [0x000001a1442e0000, 0x000001a1452e0000)
 End Bits:   [0x000001a1452e0000, 0x000001a1462e0000)

Polling page: 0x000001a1307d0000

Metaspace:

Usage:
  Non-class:     50.62 MB used.
      Class:      6.31 MB used.
       Both:     56.93 MB used.

Virtual space:
  Non-class space:       64.00 MB reserved,      51.25 MB ( 80%) committed,  1 nodes.
      Class space:        1.00 GB reserved,       6.81 MB ( <1%) committed,  1 nodes.
             Both:        1.06 GB reserved,      58.06 MB (  5%) committed. 

Chunk freelists:
   Non-Class:  12.36 MB
       Class:  9.23 MB
        Both:  21.59 MB

MaxMetaspaceSize: unlimited
CompressedClassSpaceSize: 1.00 GB
Initial GC threshold: 21.00 MB
Current GC threshold: 58.38 MB
CDS: off
MetaspaceReclaimPolicy: balanced
 - commit_granule_bytes: 65536.
 - commit_granule_words: 8192.
 - virtual_space_node_default_size: 8388608.
 - enlarge_chunks_in_place: 1.
 - new_chunks_are_fully_committed: 0.
 - uncommit_free_chunks: 1.
 - use_allocation_guard: 0.
 - handle_deallocations: 1.


Internal statistics:

num_allocs_failed_limit: 6.
num_arena_births: 742.
num_arena_deaths: 14.
num_vsnodes_births: 2.
num_vsnodes_deaths: 0.
num_space_committed: 929.
num_space_uncommitted: 0.
num_chunks_returned_to_freelist: 20.
num_chunks_taken_from_freelist: 3072.
num_chunk_merges: 11.
num_chunk_splits: 1885.
num_chunks_enlarged: 1045.
num_inconsistent_stats: 0.

CodeHeap 'non-profiled nmethods': size=120000Kb used=3302Kb max_used=3302Kb free=116697Kb
 bounds [0x000001a13cdb0000, 0x000001a13d0f0000, 0x000001a1442e0000]
CodeHeap 'profiled nmethods': size=120000Kb used=13864Kb max_used=13864Kb free=106135Kb
 bounds [0x000001a1352e0000, 0x000001a136070000, 0x000001a13c810000]
CodeHeap 'non-nmethods': size=5760Kb used=1306Kb max_used=1391Kb free=4453Kb
 bounds [0x000001a13c810000, 0x000001a13ca80000, 0x000001a13cdb0000]
 total_blobs=7215 nmethods=6575 adapters=554
 compilation: enabled
              stopped_count=0, restarted_count=0
 full_count=0

Compilation events (20 events):
Event: 29.734 Thread 0x000001a14b697000 nmethod 7353 0x000001a136066990 code [0x000001a136066b20, 0x000001a136066cb8]
Event: 29.737 Thread 0x000001a14b697000 7354       3       java.util.ComparableTimSort::sort (219 bytes)
Event: 29.738 Thread 0x000001a14b697000 nmethod 7354 0x000001a136066d90 code [0x000001a136066fe0, 0x000001a136067678]
Event: 29.738 Thread 0x000001a14b697000 7355       3       org.gradle.internal.util.Trie$Builder::addTransition (89 bytes)
Event: 29.739 Thread 0x000001a14b697000 nmethod 7355 0x000001a136067a10 code [0x000001a136067c40, 0x000001a1360685f8]
Event: 29.739 Thread 0x000001a14b697000 7357       3       java.util.Arrays::sort (24 bytes)
Event: 29.739 Thread 0x000001a14b697000 nmethod 7357 0x000001a136068990 code [0x000001a136068b40, 0x000001a136068c88]
Event: 29.739 Thread 0x000001a14b697000 7356       3       org.gradle.internal.util.Trie$Builder::<init> (21 bytes)
Event: 29.740 Thread 0x000001a14b697000 nmethod 7356 0x000001a136068d90 code [0x000001a136068f40, 0x000001a1360692b8]
Event: 29.743 Thread 0x000001a1464c0370 nmethod 7347 0x000001a13d0e3690 code [0x000001a13d0e3920, 0x000001a13d0e5120]
Event: 29.743 Thread 0x000001a1464c0370 7348       4       java.lang.ClassLoader::defineClass (43 bytes)
Event: 29.881 Thread 0x000001a1464c0370 nmethod 7348 0x000001a13d0e6190 code [0x000001a13d0e6440, 0x000001a13d0e83f0]
Event: 29.881 Thread 0x000001a1464c0370 7359 %     4       java.util.Properties::loadConvert @ 8 (540 bytes)
Event: 29.973 Thread 0x000001a14b697000 7361       3       java.util.LinkedHashSet::<init> (10 bytes)
Event: 29.974 Thread 0x000001a14b697000 nmethod 7361 0x000001a136069410 code [0x000001a1360695e0, 0x000001a136069728]
Event: 29.985 Thread 0x000001a14b697000 7363       3       java.util.regex.Pattern::compile (10 bytes)
Event: 29.985 Thread 0x000001a14b697000 nmethod 7363 0x000001a136069810 code [0x000001a1360699c0, 0x000001a136069b48]
Event: 29.987 Thread 0x000001a14b697000 7364       3       java.util.LinkedHashMap$LinkedKeySet::iterator (12 bytes)
Event: 29.987 Thread 0x000001a14b697000 nmethod 7364 0x000001a136069c10 code [0x000001a136069dc0, 0x000001a13606a098]
Event: 30.001 Thread 0x000001a14b697000 7365       3       java.util.regex.Pattern::escape (1327 bytes)

GC Heap History (20 events):
Event: 20.584 GC heap before
{Heap before GC invocations=15 (full 2):
 PSYoungGen      total 23040K, used 22912K [0x00000000eab00000, 0x00000000ec600000, 0x0000000100000000)
  eden space 22016K, 100% used [0x00000000eab00000,0x00000000ec080000,0x00000000ec080000)
  from space 1024K, 87% used [0x00000000ec500000,0x00000000ec5e03b8,0x00000000ec600000)
  to   space 1536K, 0% used [0x00000000ec300000,0x00000000ec300000,0x00000000ec480000)
 ParOldGen       total 68608K, used 15723K [0x00000000c0000000, 0x00000000c4300000, 0x00000000eab00000)
  object space 68608K, 22% used [0x00000000c0000000,0x00000000c0f5aea0,0x00000000c4300000)
 Metaspace       used 40926K, committed 41856K, reserved 1114112K
  class space    used 4196K, committed 4608K, reserved 1048576K
}
Event: 20.591 GC heap after
{Heap after GC invocations=15 (full 2):
 PSYoungGen      total 23552K, used 849K [0x00000000eab00000, 0x00000000ec580000, 0x0000000100000000)
  eden space 22016K, 0% used [0x00000000eab00000,0x00000000eab00000,0x00000000ec080000)
  from space 1536K, 55% used [0x00000000ec300000,0x00000000ec3d44d0,0x00000000ec480000)
  to   space 1024K, 0% used [0x00000000ec480000,0x00000000ec480000,0x00000000ec580000)
 ParOldGen       total 68608K, used 16491K [0x00000000c0000000, 0x00000000c4300000, 0x00000000eab00000)
  object space 68608K, 24% used [0x00000000c0000000,0x00000000c101afa8,0x00000000c4300000)
 Metaspace       used 40926K, committed 41856K, reserved 1114112K
  class space    used 4196K, committed 4608K, reserved 1048576K
}
Event: 21.209 GC heap before
{Heap before GC invocations=16 (full 2):
 PSYoungGen      total 23552K, used 22821K [0x00000000eab00000, 0x00000000ec580000, 0x0000000100000000)
  eden space 22016K, 99% used [0x00000000eab00000,0x00000000ec075138,0x00000000ec080000)
  from space 1536K, 55% used [0x00000000ec300000,0x00000000ec3d44d0,0x00000000ec480000)
  to   space 1024K, 0% used [0x00000000ec480000,0x00000000ec480000,0x00000000ec580000)
 ParOldGen       total 68608K, used 16491K [0x00000000c0000000, 0x00000000c4300000, 0x00000000eab00000)
  object space 68608K, 24% used [0x00000000c0000000,0x00000000c101afa8,0x00000000c4300000)
 Metaspace       used 43730K, committed 44800K, reserved 1114112K
  class space    used 4508K, committed 4992K, reserved 1048576K
}
Event: 21.213 GC heap after
{Heap after GC invocations=16 (full 2):
 PSYoungGen      total 23040K, used 1003K [0x00000000eab00000, 0x00000000ec580000, 0x0000000100000000)
  eden space 22016K, 0% used [0x00000000eab00000,0x00000000eab00000,0x00000000ec080000)
  from space 1024K, 97% used [0x00000000ec480000,0x00000000ec57ad50,0x00000000ec580000)
  to   space 2560K, 0% used [0x00000000ec080000,0x00000000ec080000,0x00000000ec300000)
 ParOldGen       total 68608K, used 17575K [0x00000000c0000000, 0x00000000c4300000, 0x00000000eab00000)
  object space 68608K, 25% used [0x00000000c0000000,0x00000000c1129d50,0x00000000c4300000)
 Metaspace       used 43730K, committed 44800K, reserved 1114112K
  class space    used 4508K, committed 4992K, reserved 1048576K
}
Event: 21.626 GC heap before
{Heap before GC invocations=17 (full 2):
 PSYoungGen      total 23040K, used 23019K [0x00000000eab00000, 0x00000000ec580000, 0x0000000100000000)
  eden space 22016K, 100% used [0x00000000eab00000,0x00000000ec080000,0x00000000ec080000)
  from space 1024K, 97% used [0x00000000ec480000,0x00000000ec57ad50,0x00000000ec580000)
  to   space 2560K, 0% used [0x00000000ec080000,0x00000000ec080000,0x00000000ec300000)
 ParOldGen       total 68608K, used 17600K [0x00000000c0000000, 0x00000000c4300000, 0x00000000eab00000)
  object space 68608K, 25% used [0x00000000c0000000,0x00000000c11303b8,0x00000000c4300000)
 Metaspace       used 45988K, committed 47040K, reserved 1114112K
  class space    used 4840K, committed 5312K, reserved 1048576K
}
Event: 21.630 GC heap after
{Heap after GC invocations=17 (full 2):
 PSYoungGen      total 24576K, used 1252K [0x00000000eab00000, 0x00000000ec500000, 0x0000000100000000)
  eden space 22016K, 0% used [0x00000000eab00000,0x00000000eab00000,0x00000000ec080000)
  from space 2560K, 48% used [0x00000000ec080000,0x00000000ec1b9000,0x00000000ec300000)
  to   space 2048K, 0% used [0x00000000ec300000,0x00000000ec300000,0x00000000ec500000)
 ParOldGen       total 68608K, used 18442K [0x00000000c0000000, 0x00000000c4300000, 0x00000000eab00000)
  object space 68608K, 26% used [0x00000000c0000000,0x00000000c1202af8,0x00000000c4300000)
 Metaspace       used 45988K, committed 47040K, reserved 1114112K
  class space    used 4840K, committed 5312K, reserved 1048576K
}
Event: 22.069 GC heap before
{Heap before GC invocations=18 (full 2):
 PSYoungGen      total 24576K, used 23268K [0x00000000eab00000, 0x00000000ec500000, 0x0000000100000000)
  eden space 22016K, 100% used [0x00000000eab00000,0x00000000ec080000,0x00000000ec080000)
  from space 2560K, 48% used [0x00000000ec080000,0x00000000ec1b9000,0x00000000ec300000)
  to   space 2048K, 0% used [0x00000000ec300000,0x00000000ec300000,0x00000000ec500000)
 ParOldGen       total 68608K, used 18442K [0x00000000c0000000, 0x00000000c4300000, 0x00000000eab00000)
  object space 68608K, 26% used [0x00000000c0000000,0x00000000c1202af8,0x00000000c4300000)
 Metaspace       used 47799K, committed 48832K, reserved 1114112K
  class space    used 5050K, committed 5504K, reserved 1048576K
}
Event: 22.075 GC heap after
{Heap after GC invocations=18 (full 2):
 PSYoungGen      total 23552K, used 1204K [0x00000000eab00000, 0x00000000ec480000, 0x0000000100000000)
  eden space 22016K, 0% used [0x00000000eab00000,0x00000000eab00000,0x00000000ec080000)
  from space 1536K, 78% used [0x00000000ec300000,0x00000000ec42d040,0x00000000ec480000)
  to   space 1536K, 0% used [0x00000000ec180000,0x00000000ec180000,0x00000000ec300000)
 ParOldGen       total 68608K, used 19579K [0x00000000c0000000, 0x00000000c4300000, 0x00000000eab00000)
  object space 68608K, 28% used [0x00000000c0000000,0x00000000c131ec08,0x00000000c4300000)
 Metaspace       used 47799K, committed 48832K, reserved 1114112K
  class space    used 5050K, committed 5504K, reserved 1048576K
}
Event: 22.782 GC heap before
{Heap before GC invocations=19 (full 2):
 PSYoungGen      total 23552K, used 23220K [0x00000000eab00000, 0x00000000ec480000, 0x0000000100000000)
  eden space 22016K, 100% used [0x00000000eab00000,0x00000000ec080000,0x00000000ec080000)
  from space 1536K, 78% used [0x00000000ec300000,0x00000000ec42d040,0x00000000ec480000)
  to   space 1536K, 0% used [0x00000000ec180000,0x00000000ec180000,0x00000000ec300000)
 ParOldGen       total 68608K, used 19579K [0x00000000c0000000, 0x00000000c4300000, 0x00000000eab00000)
  object space 68608K, 28% used [0x00000000c0000000,0x00000000c131ec08,0x00000000c4300000)
 Metaspace       used 49424K, committed 50432K, reserved 1114112K
  class space    used 5231K, committed 5696K, reserved 1048576K
}
Event: 22.789 GC heap after
{Heap after GC invocations=19 (full 2):
 PSYoungGen      total 23552K, used 1504K [0x00000000eab00000, 0x00000000ec880000, 0x0000000100000000)
  eden space 22016K, 0% used [0x00000000eab00000,0x00000000eab00000,0x00000000ec080000)
  from space 1536K, 97% used [0x00000000ec180000,0x00000000ec2f81d0,0x00000000ec300000)
  to   space 4096K, 0% used [0x00000000ec480000,0x00000000ec480000,0x00000000ec880000)
 ParOldGen       total 68608K, used 21590K [0x00000000c0000000, 0x00000000c4300000, 0x00000000eab00000)
  object space 68608K, 31% used [0x00000000c0000000,0x00000000c1515958,0x00000000c4300000)
 Metaspace       used 49424K, committed 50432K, reserved 1114112K
  class space    used 5231K, committed 5696K, reserved 1048576K
}
Event: 23.459 GC heap before
{Heap before GC invocations=20 (full 2):
 PSYoungGen      total 23552K, used 23520K [0x00000000eab00000, 0x00000000ec880000, 0x0000000100000000)
  eden space 22016K, 100% used [0x00000000eab00000,0x00000000ec080000,0x00000000ec080000)
  from space 1536K, 97% used [0x00000000ec180000,0x00000000ec2f81d0,0x00000000ec300000)
  to   space 4096K, 0% used [0x00000000ec480000,0x00000000ec480000,0x00000000ec880000)
 ParOldGen       total 68608K, used 21590K [0x00000000c0000000, 0x00000000c4300000, 0x00000000eab00000)
  object space 68608K, 31% used [0x00000000c0000000,0x00000000c1515958,0x00000000c4300000)
 Metaspace       used 51173K, committed 52352K, reserved 1114112K
  class space    used 5463K, committed 6016K, reserved 1048576K
}
Event: 23.469 GC heap after
{Heap after GC invocations=20 (full 2):
 PSYoungGen      total 24064K, used 1896K [0x00000000eab00000, 0x00000000ec680000, 0x0000000100000000)
  eden space 22016K, 0% used [0x00000000eab00000,0x00000000eab00000,0x00000000ec080000)
  from space 2048K, 92% used [0x00000000ec480000,0x00000000ec65a1b8,0x00000000ec680000)
  to   space 2560K, 0% used [0x00000000ec180000,0x00000000ec180000,0x00000000ec400000)
 ParOldGen       total 68608K, used 23035K [0x00000000c0000000, 0x00000000c4300000, 0x00000000eab00000)
  object space 68608K, 33% used [0x00000000c0000000,0x00000000c167ef00,0x00000000c4300000)
 Metaspace       used 51173K, committed 52352K, reserved 1114112K
  class space    used 5463K, committed 6016K, reserved 1048576K
}
Event: 24.263 GC heap before
{Heap before GC invocations=21 (full 2):
 PSYoungGen      total 24064K, used 23912K [0x00000000eab00000, 0x00000000ec680000, 0x0000000100000000)
  eden space 22016K, 100% used [0x00000000eab00000,0x00000000ec080000,0x00000000ec080000)
  from space 2048K, 92% used [0x00000000ec480000,0x00000000ec65a1b8,0x00000000ec680000)
  to   space 2560K, 0% used [0x00000000ec180000,0x00000000ec180000,0x00000000ec400000)
 ParOldGen       total 68608K, used 23035K [0x00000000c0000000, 0x00000000c4300000, 0x00000000eab00000)
  object space 68608K, 33% used [0x00000000c0000000,0x00000000c167ef00,0x00000000c4300000)
 Metaspace       used 53095K, committed 54208K, reserved 1114112K
  class space    used 5672K, committed 6208K, reserved 1048576K
}
Event: 24.276 GC heap after
{Heap after GC invocations=21 (full 2):
 PSYoungGen      total 23552K, used 1440K [0x00000000eab00000, 0x00000000ec500000, 0x0000000100000000)
  eden space 22016K, 0% used [0x00000000eab00000,0x00000000eab00000,0x00000000ec080000)
  from space 1536K, 93% used [0x00000000ec180000,0x00000000ec2e8000,0x00000000ec300000)
  to   space 2048K, 0% used [0x00000000ec300000,0x00000000ec300000,0x00000000ec500000)
 ParOldGen       total 68608K, used 24816K [0x00000000c0000000, 0x00000000c4300000, 0x00000000eab00000)
  object space 68608K, 36% used [0x00000000c0000000,0x00000000c183c2d8,0x00000000c4300000)
 Metaspace       used 53095K, committed 54208K, reserved 1114112K
  class space    used 5672K, committed 6208K, reserved 1048576K
}
Event: 25.095 GC heap before
{Heap before GC invocations=22 (full 2):
 PSYoungGen      total 23552K, used 23456K [0x00000000eab00000, 0x00000000ec500000, 0x0000000100000000)
  eden space 22016K, 100% used [0x00000000eab00000,0x00000000ec080000,0x00000000ec080000)
  from space 1536K, 93% used [0x00000000ec180000,0x00000000ec2e8000,0x00000000ec300000)
  to   space 2048K, 0% used [0x00000000ec300000,0x00000000ec300000,0x00000000ec500000)
 ParOldGen       total 68608K, used 24816K [0x00000000c0000000, 0x00000000c4300000, 0x00000000eab00000)
  object space 68608K, 36% used [0x00000000c0000000,0x00000000c183c2d8,0x00000000c4300000)
 Metaspace       used 53922K, committed 55040K, reserved 1114112K
  class space    used 5772K, committed 6272K, reserved 1048576K
}
Event: 25.102 GC heap after
{Heap after GC invocations=22 (full 2):
 PSYoungGen      total 24064K, used 1613K [0x00000000eab00000, 0x00000000ec500000, 0x0000000100000000)
  eden space 22016K, 0% used [0x00000000eab00000,0x00000000eab00000,0x00000000ec080000)
  from space 2048K, 78% used [0x00000000ec300000,0x00000000ec493510,0x00000000ec500000)
  to   space 2048K, 0% used [0x00000000ec100000,0x00000000ec100000,0x00000000ec300000)
 ParOldGen       total 68608K, used 26087K [0x00000000c0000000, 0x00000000c4300000, 0x00000000eab00000)
  object space 68608K, 38% used [0x00000000c0000000,0x00000000c1979e58,0x00000000c4300000)
 Metaspace       used 53922K, committed 55040K, reserved 1114112K
  class space    used 5772K, committed 6272K, reserved 1048576K
}
Event: 26.271 GC heap before
{Heap before GC invocations=23 (full 2):
 PSYoungGen      total 24064K, used 23629K [0x00000000eab00000, 0x00000000ec500000, 0x0000000100000000)
  eden space 22016K, 100% used [0x00000000eab00000,0x00000000ec080000,0x00000000ec080000)
  from space 2048K, 78% used [0x00000000ec300000,0x00000000ec493510,0x00000000ec500000)
  to   space 2048K, 0% used [0x00000000ec100000,0x00000000ec100000,0x00000000ec300000)
 ParOldGen       total 68608K, used 26087K [0x00000000c0000000, 0x00000000c4300000, 0x00000000eab00000)
  object space 68608K, 38% used [0x00000000c0000000,0x00000000c1979e58,0x00000000c4300000)
 Metaspace       used 55987K, committed 57088K, reserved 1114112K
  class space    used 6077K, committed 6528K, reserved 1048576K
}
Event: 26.276 GC heap after
{Heap after GC invocations=23 (full 2):
 PSYoungGen      total 24064K, used 2041K [0x00000000eab00000, 0x00000000ec980000, 0x0000000100000000)
  eden space 22016K, 0% used [0x00000000eab00000,0x00000000eab00000,0x00000000ec080000)
  from space 2048K, 99% used [0x00000000ec100000,0x00000000ec2fe470,0x00000000ec300000)
  to   space 4608K, 0% used [0x00000000ec500000,0x00000000ec500000,0x00000000ec980000)
 ParOldGen       total 68608K, used 27888K [0x00000000c0000000, 0x00000000c4300000, 0x00000000eab00000)
  object space 68608K, 40% used [0x00000000c0000000,0x00000000c1b3c248,0x00000000c4300000)
 Metaspace       used 55987K, committed 57088K, reserved 1114112K
  class space    used 6077K, committed 6528K, reserved 1048576K
}
Event: 28.073 GC heap before
{Heap before GC invocations=24 (full 2):
 PSYoungGen      total 24064K, used 24057K [0x00000000eab00000, 0x00000000ec980000, 0x0000000100000000)
  eden space 22016K, 100% used [0x00000000eab00000,0x00000000ec080000,0x00000000ec080000)
  from space 2048K, 99% used [0x00000000ec100000,0x00000000ec2fe470,0x00000000ec300000)
  to   space 4608K, 0% used [0x00000000ec500000,0x00000000ec500000,0x00000000ec980000)
 ParOldGen       total 68608K, used 27888K [0x00000000c0000000, 0x00000000c4300000, 0x00000000eab00000)
  object space 68608K, 40% used [0x00000000c0000000,0x00000000c1b3c248,0x00000000c4300000)
 Metaspace       used 57383K, committed 58496K, reserved 1114112K
  class space    used 6314K, committed 6784K, reserved 1048576K
}
Event: 28.083 GC heap after
{Heap after GC invocations=24 (full 2):
 PSYoungGen      total 20992K, used 4592K [0x00000000eab00000, 0x00000000ed480000, 0x0000000100000000)
  eden space 16384K, 0% used [0x00000000eab00000,0x00000000eab00000,0x00000000ebb00000)
  from space 4608K, 99% used [0x00000000ec500000,0x00000000ec97c078,0x00000000ec980000)
  to   space 10240K, 0% used [0x00000000ebb00000,0x00000000ebb00000,0x00000000ec500000)
 ParOldGen       total 68608K, used 32099K [0x00000000c0000000, 0x00000000c4300000, 0x00000000eab00000)
  object space 68608K, 46% used [0x00000000c0000000,0x00000000c1f58fa8,0x00000000c4300000)
 Metaspace       used 57383K, committed 58496K, reserved 1114112K
  class space    used 6314K, committed 6784K, reserved 1048576K
}

Dll operation events (11 events):
Event: 0.027 Loaded shared library c:\Users\HP\.vscode\extensions\redhat.java-1.38.0-win32-x64\jre\17.0.13-win32-x86_64\bin\java.dll
Event: 0.946 Loaded shared library c:\Users\HP\.vscode\extensions\redhat.java-1.38.0-win32-x64\jre\17.0.13-win32-x86_64\bin\zip.dll
Event: 0.952 Loaded shared library C:\Users\HP\.vscode\extensions\redhat.java-1.38.0-win32-x64\jre\17.0.13-win32-x86_64\bin\instrument.dll
Event: 0.999 Loaded shared library C:\Users\HP\.vscode\extensions\redhat.java-1.38.0-win32-x64\jre\17.0.13-win32-x86_64\bin\net.dll
Event: 1.051 Loaded shared library C:\Users\HP\.vscode\extensions\redhat.java-1.38.0-win32-x64\jre\17.0.13-win32-x86_64\bin\nio.dll
Event: 1.077 Loaded shared library C:\Users\HP\.vscode\extensions\redhat.java-1.38.0-win32-x64\jre\17.0.13-win32-x86_64\bin\zip.dll
Event: 1.216 Loaded shared library C:\Users\HP\.vscode\extensions\redhat.java-1.38.0-win32-x64\jre\17.0.13-win32-x86_64\bin\jimage.dll
Event: 1.518 Loaded shared library c:\Users\HP\.vscode\extensions\redhat.java-1.38.0-win32-x64\jre\17.0.13-win32-x86_64\bin\verify.dll
Event: 5.618 Loaded shared library C:\Users\HP\AppData\Roaming\Code\User\globalStorage\redhat.java\1.38.0\config_win\org.eclipse.equinox.launcher\org.eclipse.equinox.launcher.win32.win32.x86_64_1.2.1100.v20240722-2106\eclipse_11904.dll
Event: 11.414 Loaded shared library C:\Users\HP\AppData\Local\Temp\jna-2312\jna9741491034121280863.dll
Event: 28.055 Loaded shared library C:\Users\HP\.gradle\native\c067742578af261105cb4f569cf0c3c89f3d7b1fecec35dd04571415982c5e48\windows-amd64\native-platform.dll

Deoptimization events (20 events):
Event: 26.571 Thread 0x000001a14d8ebf00 Uncommon trap: trap_request=0xffffff45 fr.pc=0x000001a13cf26f9c relative=0x00000000000001fc
Event: 26.571 Thread 0x000001a14d8ebf00 Uncommon trap: reason=unstable_if action=reinterpret pc=0x000001a13cf26f9c method=java.lang.String.hashCode()I @ 20 c2
Event: 26.571 Thread 0x000001a14d8ebf00 DEOPT PACKING pc=0x000001a13cf26f9c sp=0x000000931fcfd240
Event: 26.571 Thread 0x000001a14d8ebf00 DEOPT UNPACKING pc=0x000001a13c8666a3 sp=0x000000931fcfd178 mode 2
Event: 26.571 Thread 0x000001a14d8ebf00 Uncommon trap: trap_request=0xffffff45 fr.pc=0x000001a13ce82a30 relative=0x0000000000000190
Event: 26.571 Thread 0x000001a14d8ebf00 Uncommon trap: reason=unstable_if action=reinterpret pc=0x000001a13ce82a30 method=java.util.zip.ZipFile$Source.isMetaName([BII)Z @ 57 c2
Event: 26.571 Thread 0x000001a14d8ebf00 DEOPT PACKING pc=0x000001a13ce82a30 sp=0x000000931fcfd3a0
Event: 26.571 Thread 0x000001a14d8ebf00 DEOPT UNPACKING pc=0x000001a13c8666a3 sp=0x000000931fcfd330 mode 2
Event: 26.571 Thread 0x000001a14d8ebf00 DEOPT PACKING pc=0x000001a135d27b87 sp=0x000000931fcfd3e0
Event: 26.571 Thread 0x000001a14d8ebf00 DEOPT UNPACKING pc=0x000001a13c866e43 sp=0x000000931fcfc960 mode 0
Event: 26.824 Thread 0x000001a14d8ebf00 DEOPT PACKING pc=0x000001a135d27b87 sp=0x000000931fcfd3e0
Event: 26.824 Thread 0x000001a14d8ebf00 DEOPT UNPACKING pc=0x000001a13c866e43 sp=0x000000931fcfc960 mode 0
Event: 28.352 Thread 0x000001a14d8ebf00 DEOPT PACKING pc=0x000001a13544e460 sp=0x000000931fcfb290
Event: 28.352 Thread 0x000001a14d8ebf00 DEOPT UNPACKING pc=0x000001a13c866e43 sp=0x000000931fcfa7a8 mode 0
Event: 29.167 Thread 0x000001a14d8ebf00 Uncommon trap: trap_request=0xffffff45 fr.pc=0x000001a13ce9d83c relative=0x00000000000015dc
Event: 29.167 Thread 0x000001a14d8ebf00 Uncommon trap: reason=unstable_if action=reinterpret pc=0x000001a13ce9d83c method=java.lang.String.<init>([BIILjava/nio/charset/Charset;)V @ 110 c2
Event: 29.167 Thread 0x000001a14d8ebf00 DEOPT PACKING pc=0x000001a13ce9d83c sp=0x000000931fcfc4d0
Event: 29.167 Thread 0x000001a14d8ebf00 DEOPT UNPACKING pc=0x000001a13c8666a3 sp=0x000000931fcfc490 mode 2
Event: 29.774 Thread 0x000001a14d8ebf00 DEOPT PACKING pc=0x000001a1353b997e sp=0x000000931fcfcbe0
Event: 29.774 Thread 0x000001a14d8ebf00 DEOPT UNPACKING pc=0x000001a13c866e43 sp=0x000000931fcfc0d0 mode 0

Classes loaded (20 events):
Event: 25.262 Loading class java/util/regex/PatternSyntaxException
Event: 25.262 Loading class java/util/regex/PatternSyntaxException done
Event: 25.286 Loading class java/nio/file/FileChannelLinesSpliterator
Event: 25.287 Loading class java/nio/file/FileChannelLinesSpliterator done
Event: 25.291 Loading class java/util/stream/Streams$1
Event: 25.292 Loading class java/util/stream/Streams$1 done
Event: 25.293 Loading class java/nio/file/FileChannelLinesSpliterator$1
Event: 25.293 Loading class java/nio/file/FileChannelLinesSpliterator$1 done
Event: 25.735 Loading class java/util/concurrent/CopyOnWriteArraySet
Event: 25.736 Loading class java/util/concurrent/CopyOnWriteArraySet done
Event: 25.837 Loading class java/util/concurrent/ArrayBlockingQueue
Event: 25.838 Loading class java/util/concurrent/ArrayBlockingQueue done
Event: 25.993 Loading class java/net/HttpURLConnection
Event: 25.994 Loading class java/net/HttpURLConnection done
Event: 26.109 Loading class java/util/concurrent/ConcurrentHashMap$ValueSpliterator
Event: 26.109 Loading class java/util/concurrent/ConcurrentHashMap$ValueSpliterator done
Event: 26.111 Loading class jdk/internal/loader/BootLoader$PackageHelper
Event: 26.112 Loading class jdk/internal/loader/BootLoader$PackageHelper done
Event: 28.007 Loading class java/lang/Class$EnclosingMethodInfo
Event: 28.008 Loading class java/lang/Class$EnclosingMethodInfo done

Classes unloaded (7 events):
Event: 17.343 Thread 0x000001a1464758e0 Unloading class 0x0000000100254000 'java/lang/invoke/LambdaForm$MH+0x0000000100254000'
Event: 17.343 Thread 0x000001a1464758e0 Unloading class 0x0000000100253c00 'java/lang/invoke/LambdaForm$MH+0x0000000100253c00'
Event: 17.343 Thread 0x000001a1464758e0 Unloading class 0x0000000100253800 'java/lang/invoke/LambdaForm$MH+0x0000000100253800'
Event: 17.343 Thread 0x000001a1464758e0 Unloading class 0x0000000100253400 'java/lang/invoke/LambdaForm$MH+0x0000000100253400'
Event: 17.343 Thread 0x000001a1464758e0 Unloading class 0x0000000100253000 'java/lang/invoke/LambdaForm$BMH+0x0000000100253000'
Event: 17.343 Thread 0x000001a1464758e0 Unloading class 0x0000000100252c00 'java/lang/invoke/LambdaForm$DMH+0x0000000100252c00'
Event: 17.343 Thread 0x000001a1464758e0 Unloading class 0x0000000100250400 'java/lang/invoke/LambdaForm$DMH+0x0000000100250400'

Classes redefined (0 events):
No events

Internal exceptions (20 events):
Event: 22.330 Thread 0x000001a14c5d4f20 Exception <a 'sun/nio/fs/WindowsException'{0x00000000eb56a1f8}> (0x00000000eb56a1f8) 
thrown [s\src\hotspot\share\prims\jni.cpp, line 516]
Event: 22.330 Thread 0x000001a14c5d4f20 Exception <a 'sun/nio/fs/WindowsException'{0x00000000eb56a738}> (0x00000000eb56a738) 
thrown [s\src\hotspot\share\prims\jni.cpp, line 516]
Event: 22.344 Thread 0x000001a14c5d7290 Exception <a 'java/lang/NoSuchMethodError'{0x00000000eb611980}: 'void java.lang.invoke.DirectMethodHandle$Holder.invokeStaticInit(java.lang.Object, java.lang.Object, java.lang.Object)'> (0x00000000eb611980) 
thrown [s\src\hotspot\share\interpreter\linkResolver.cpp, line 759]
Event: 22.358 Thread 0x000001a14c5d7290 Exception <a 'java/lang/ExceptionInInitializerError'{0x00000000eb67c840}> (0x00000000eb67c840) 
thrown [s\src\hotspot\share\oops\instanceKlass.cpp, line 1218]
Event: 22.572 Thread 0x000001a14c5d7290 Implicit null exception at 0x000001a13cedbdaf to 0x000001a13cedbf58
Event: 22.572 Thread 0x000001a14c5d7290 Implicit null exception at 0x000001a13ce44f89 to 0x000001a13ce46238
Event: 22.578 Thread 0x000001a14c5d7290 Exception <a 'java/lang/NoSuchMethodError'{0x00000000eb9e0ae0}: 'java.lang.Object java.lang.invoke.Invokers$Holder.invokeExact_MT(java.lang.Object, int, java.lang.Object)'> (0x00000000eb9e0ae0) 
thrown [s\src\hotspot\share\interpreter\linkResolver.cpp, line 759]
Event: 22.973 Thread 0x000001a14c5d4f20 Exception <a 'sun/nio/fs/WindowsException'{0x00000000eb103c90}> (0x00000000eb103c90) 
thrown [s\src\hotspot\share\prims\jni.cpp, line 516]
Event: 22.973 Thread 0x000001a14c5d4f20 Exception <a 'sun/nio/fs/WindowsException'{0x00000000eb1041d0}> (0x00000000eb1041d0) 
thrown [s\src\hotspot\share\prims\jni.cpp, line 516]
Event: 23.007 Thread 0x000001a14c5d4f20 Exception <a 'java/io/FileNotFoundException'{0x00000000eb3e3528}> (0x00000000eb3e3528) 
thrown [s\src\hotspot\share\prims\jni.cpp, line 516]
Event: 23.081 Thread 0x000001a14c5d4f20 Exception <a 'sun/nio/fs/WindowsException'{0x00000000eb67fc18}> (0x00000000eb67fc18) 
thrown [s\src\hotspot\share\prims\jni.cpp, line 516]
Event: 23.436 Thread 0x000001a14d8e8750 Exception <a 'java/lang/NoSuchMethodError'{0x00000000ec0033e0}: 'java.lang.Object java.lang.invoke.DirectMethodHandle$Holder.invokeStatic(java.lang.Object, int, java.lang.Object, java.lang.Object)'> (0x00000000ec0033e0) 
thrown [s\src\hotspot\share\interpreter\linkResolver.cpp, line 759]
Event: 23.437 Thread 0x000001a14d8e8750 Exception <a 'java/lang/NoSuchMethodError'{0x00000000ec0071e0}: 'java.lang.Object java.lang.invoke.DelegatingMethodHandle$Holder.delegate(java.lang.Object, int, java.lang.Object, java.lang.Object)'> (0x00000000ec0071e0) 
thrown [s\src\hotspot\share\interpreter\linkResolver.cpp, line 759]
Event: 23.445 Thread 0x000001a14d8e8750 Exception <a 'java/lang/NoSuchMethodError'{0x00000000ec031198}: 'int java.lang.invoke.Invokers$Holder.linkToTargetMethod(java.lang.Object, java.lang.Object, java.lang.Object)'> (0x00000000ec031198) 
thrown [s\src\hotspot\share\interpreter\linkResolver.cpp, line 759]
Event: 23.637 Thread 0x000001a14c5d7290 Exception <a 'java/lang/NoClassDefFoundError'{0x00000000eb057ba8}: com/google/inject/servlet/ServletModuleTargetVisitor> (0x00000000eb057ba8) 
thrown [s\src\hotspot\share\classfile\systemDictionary.cpp, line 245]
Event: 24.437 Thread 0x000001a14d8e8240 Exception <a 'java/lang/NoSuchMethodError'{0x00000000eae38120}: 'int java.lang.invoke.DirectMethodHandle$Holder.invokeSpecialIFC(java.lang.Object, java.lang.Object, java.lang.Object, java.lang.Object)'> (0x00000000eae38120) 
thrown [s\src\hotspot\share\interpreter\linkResolver.cpp, line 759]
Event: 24.577 Thread 0x000001a14d8e8240 Exception <a 'java/lang/NoSuchMethodError'{0x00000000eb1207f8}: 'int java.lang.invoke.DirectMethodHandle$Holder.invokeInterface(java.lang.Object, java.lang.Object)'> (0x00000000eb1207f8) 
thrown [s\src\hotspot\share\interpreter\linkResolver.cpp, line 759]
Event: 24.578 Thread 0x000001a14d8e8240 Exception <a 'java/lang/IncompatibleClassChangeError'{0x00000000eb123d28}: Found class java.lang.Object, but interface was expected> (0x00000000eb123d28) 
thrown [s\src\hotspot\share\interpreter\linkResolver.cpp, line 826]
Event: 27.992 Thread 0x000001a14d8ebf00 Exception <a 'java/lang/NoSuchMethodError'{0x00000000ebeada08}: 'java.lang.Object java.lang.invoke.Invokers$Holder.invoker(java.lang.Object, java.lang.Object, java.lang.Object)'> (0x00000000ebeada08) 
thrown [s\src\hotspot\share\interpreter\linkResolver.cpp, line 759]
Event: 28.006 Thread 0x000001a14d8ebf00 Exception <a 'java/lang/NoSuchMethodError'{0x00000000ebf0a400}: 'java.lang.Object java.lang.invoke.DirectMethodHandle$Holder.invokeVirtual(java.lang.Object, java.lang.Object, java.lang.Object)'> (0x00000000ebf0a400) 
thrown [s\src\hotspot\share\interpreter\linkResolver.cpp, line 759]

VM Operations (20 events):
Event: 23.977 Executing VM operation: HandshakeAllThreads
Event: 23.977 Executing VM operation: HandshakeAllThreads done
Event: 24.263 Executing VM operation: ParallelGCFailedAllocation
Event: 24.276 Executing VM operation: ParallelGCFailedAllocation done
Event: 25.094 Executing VM operation: ParallelGCFailedAllocation
Event: 25.102 Executing VM operation: ParallelGCFailedAllocation done
Event: 25.255 Executing VM operation: HandshakeAllThreads
Event: 25.255 Executing VM operation: HandshakeAllThreads done
Event: 26.104 Executing VM operation: HandshakeAllThreads
Event: 26.104 Executing VM operation: HandshakeAllThreads done
Event: 26.104 Executing VM operation: Cleanup
Event: 26.104 Executing VM operation: Cleanup done
Event: 26.271 Executing VM operation: ParallelGCFailedAllocation
Event: 26.276 Executing VM operation: ParallelGCFailedAllocation done
Event: 27.278 Executing VM operation: Cleanup
Event: 27.278 Executing VM operation: Cleanup done
Event: 28.073 Executing VM operation: ParallelGCFailedAllocation
Event: 28.083 Executing VM operation: ParallelGCFailedAllocation done
Event: 29.092 Executing VM operation: Cleanup
Event: 29.092 Executing VM operation: Cleanup done

Memory protections (0 events):
No events

Nmethod flushes (20 events):
Event: 21.298 Thread 0x000001a14b69bce0 flushing  nmethod 0x000001a135c1bb10
Event: 21.298 Thread 0x000001a14b69bce0 flushing  nmethod 0x000001a135c1e890
Event: 21.298 Thread 0x000001a14b69bce0 flushing  nmethod 0x000001a135c1f390
Event: 21.298 Thread 0x000001a14b69bce0 flushing  nmethod 0x000001a135c21010
Event: 21.298 Thread 0x000001a14b69bce0 flushing  nmethod 0x000001a135c21910
Event: 21.298 Thread 0x000001a14b69bce0 flushing  nmethod 0x000001a135c24710
Event: 21.298 Thread 0x000001a14b69bce0 flushing  nmethod 0x000001a135c42b90
Event: 21.298 Thread 0x000001a14b69bce0 flushing  nmethod 0x000001a135c4a410
Event: 21.298 Thread 0x000001a14b69bce0 flushing  nmethod 0x000001a135c4c290
Event: 21.298 Thread 0x000001a14b69bce0 flushing  nmethod 0x000001a135c4d190
Event: 21.298 Thread 0x000001a14b69bce0 flushing  nmethod 0x000001a135c4e690
Event: 21.298 Thread 0x000001a14b69bce0 flushing  nmethod 0x000001a135c4ec10
Event: 21.298 Thread 0x000001a14b69bce0 flushing  nmethod 0x000001a135c4fd10
Event: 21.298 Thread 0x000001a14b69bce0 flushing  nmethod 0x000001a135c50110
Event: 21.298 Thread 0x000001a14b69bce0 flushing  nmethod 0x000001a135c55810
Event: 21.298 Thread 0x000001a14b69bce0 flushing  nmethod 0x000001a135c8db90
Event: 21.298 Thread 0x000001a14b69bce0 flushing  nmethod 0x000001a135cac110
Event: 21.299 Thread 0x000001a14b69bce0 flushing  nmethod 0x000001a135ceac90
Event: 21.299 Thread 0x000001a14b69bce0 flushing  nmethod 0x000001a135d1d890
Event: 21.299 Thread 0x000001a14b69bce0 flushing  nmethod 0x000001a135d41610

Events (20 events):
Event: 11.825 Thread 0x000001a14c0f87a0 Thread added: 0x000001a14c5d4f20
Event: 16.503 Thread 0x000001a14c5d4f20 Thread added: 0x000001a14c5d77a0
Event: 18.627 Thread 0x000001a14c0f87a0 Thread added: 0x000001a14c5d5430
Event: 20.216 Thread 0x000001a14c5d6870 Thread exited: 0x000001a14c5d6870
Event: 20.664 Thread 0x000001a14b697000 Thread added: 0x000001a14d74fb00
Event: 21.099 Thread 0x000001a13264c940 Thread added: 0x000001a14c5d6360
Event: 21.109 Thread 0x000001a13264c940 Thread added: 0x000001a14c5d6870
Event: 21.109 Thread 0x000001a13264c940 Thread added: 0x000001a14d8ea5b0
Event: 21.109 Thread 0x000001a13264c940 Thread added: 0x000001a14d8ed340
Event: 21.109 Thread 0x000001a13264c940 Thread added: 0x000001a14d8eb9f0
Event: 21.178 Thread 0x000001a13264c940 Thread added: 0x000001a14d8ec920
Event: 21.199 Thread 0x000001a14c5d77a0 Thread added: 0x000001a14d8e8240
Event: 21.441 Thread 0x000001a14c5d77a0 Thread added: 0x000001a14d8eaac0
Event: 21.971 Thread 0x000001a13264c940 Thread added: 0x000001a14d8ece30
Event: 21.986 Thread 0x000001a13264c940 Thread added: 0x000001a14d8e8750
Event: 23.436 Thread 0x000001a14d8eaac0 Thread added: 0x000001a14d8e8c60
Event: 23.474 Thread 0x000001a14d8eaac0 Thread added: 0x000001a14d8ea0a0
Event: 24.683 Thread 0x000001a14d74fb00 Thread exited: 0x000001a14d74fb00
Event: 25.612 Thread 0x000001a14d8e8240 Thread added: 0x000001a14d8eafd0
Event: 25.886 Thread 0x000001a14d8e8240 Thread added: 0x000001a14d8ebf00


Dynamic libraries:
0x00007ff7b9f30000 - 0x00007ff7b9f3e000 	c:\Users\HP\.vscode\extensions\redhat.java-1.38.0-win32-x64\jre\17.0.13-win32-x86_64\bin\java.exe
0x00007ffc15490000 - 0x00007ffc156a7000 	C:\WINDOWS\SYSTEM32\ntdll.dll
0x00007ffc147b0000 - 0x00007ffc14874000 	C:\WINDOWS\System32\KERNEL32.DLL
0x00007ffc12bf0000 - 0x00007ffc12faa000 	C:\WINDOWS\System32\KERNELBASE.dll
0x00007ffc12ad0000 - 0x00007ffc12be1000 	C:\WINDOWS\System32\ucrtbase.dll
0x00007ffc0cbf0000 - 0x00007ffc0cc07000 	c:\Users\HP\.vscode\extensions\redhat.java-1.38.0-win32-x64\jre\17.0.13-win32-x86_64\bin\jli.dll
0x00007ffc14db0000 - 0x00007ffc14f5e000 	C:\WINDOWS\System32\USER32.dll
0x00007ffc13150000 - 0x00007ffc13176000 	C:\WINDOWS\System32\win32u.dll
0x00007ffc149a0000 - 0x00007ffc149c9000 	C:\WINDOWS\System32\GDI32.dll
0x00007ffc12750000 - 0x00007ffc1286b000 	C:\WINDOWS\System32\gdi32full.dll
0x00007ffc12fb0000 - 0x00007ffc1304a000 	C:\WINDOWS\System32\msvcp_win.dll
0x00007ffc01630000 - 0x00007ffc0164e000 	c:\Users\HP\.vscode\extensions\redhat.java-1.38.0-win32-x64\jre\17.0.13-win32-x86_64\bin\VCRUNTIME140.dll
0x00007ffbf5b20000 - 0x00007ffbf5db2000 	C:\WINDOWS\WinSxS\amd64_microsoft.windows.common-controls_6595b64144ccf1df_6.0.22621.4541_none_2710d1c57384c085\COMCTL32.dll
0x00007ffc146d0000 - 0x00007ffc14777000 	C:\WINDOWS\System32\msvcrt.dll
0x00007ffc14f60000 - 0x00007ffc14f91000 	C:\WINDOWS\System32\IMM32.DLL
0x00007ffc02a00000 - 0x00007ffc02a0c000 	c:\Users\HP\.vscode\extensions\redhat.java-1.38.0-win32-x64\jre\17.0.13-win32-x86_64\bin\vcruntime140_1.dll
0x00007ffbd6be0000 - 0x00007ffbd6c6d000 	c:\Users\HP\.vscode\extensions\redhat.java-1.38.0-win32-x64\jre\17.0.13-win32-x86_64\bin\msvcp140.dll
0x00007ffb95c50000 - 0x00007ffb968bb000 	c:\Users\HP\.vscode\extensions\redhat.java-1.38.0-win32-x64\jre\17.0.13-win32-x86_64\bin\server\jvm.dll
0x00007ffc14fc0000 - 0x00007ffc15072000 	C:\WINDOWS\System32\ADVAPI32.dll
0x00007ffc149d0000 - 0x00007ffc14a77000 	C:\WINDOWS\System32\sechost.dll
0x00007ffc12930000 - 0x00007ffc12958000 	C:\WINDOWS\System32\bcrypt.dll
0x00007ffc14880000 - 0x00007ffc14994000 	C:\WINDOWS\System32\RPCRT4.dll
0x00007ffc14b80000 - 0x00007ffc14bf1000 	C:\WINDOWS\System32\WS2_32.dll
0x00007ffc12620000 - 0x00007ffc1266d000 	C:\WINDOWS\SYSTEM32\POWRPROF.dll
0x00007ffc0c340000 - 0x00007ffc0c374000 	C:\WINDOWS\SYSTEM32\WINMM.dll
0x00007ffc0bd10000 - 0x00007ffc0bd1a000 	C:\WINDOWS\SYSTEM32\VERSION.dll
0x00007ffc12600000 - 0x00007ffc12613000 	C:\WINDOWS\SYSTEM32\UMPDC.dll
0x00007ffc11750000 - 0x00007ffc11768000 	C:\WINDOWS\SYSTEM32\kernel.appcore.dll
0x00007ffbfeb70000 - 0x00007ffbfeb7a000 	c:\Users\HP\.vscode\extensions\redhat.java-1.38.0-win32-x64\jre\17.0.13-win32-x86_64\bin\jimage.dll
0x00007ffc10030000 - 0x00007ffc10262000 	C:\WINDOWS\SYSTEM32\DBGHELP.DLL
0x00007ffc13a10000 - 0x00007ffc13da1000 	C:\WINDOWS\System32\combase.dll
0x00007ffc13e00000 - 0x00007ffc13ed7000 	C:\WINDOWS\System32\OLEAUT32.dll
0x00007ffc098b0000 - 0x00007ffc098e2000 	C:\WINDOWS\SYSTEM32\dbgcore.DLL
0x00007ffc13050000 - 0x00007ffc130cb000 	C:\WINDOWS\System32\bcryptPrimitives.dll
0x00007ffbfeb00000 - 0x00007ffbfeb0e000 	c:\Users\HP\.vscode\extensions\redhat.java-1.38.0-win32-x64\jre\17.0.13-win32-x86_64\bin\instrument.dll
0x00007ffbd6bb0000 - 0x00007ffbd6bd5000 	c:\Users\HP\.vscode\extensions\redhat.java-1.38.0-win32-x64\jre\17.0.13-win32-x86_64\bin\java.dll
0x00007ffbf8360000 - 0x00007ffbf8378000 	c:\Users\HP\.vscode\extensions\redhat.java-1.38.0-win32-x64\jre\17.0.13-win32-x86_64\bin\zip.dll
0x00007ffc13180000 - 0x00007ffc139f9000 	C:\WINDOWS\System32\SHELL32.dll
0x00007ffc10640000 - 0x00007ffc10f49000 	C:\WINDOWS\SYSTEM32\windows.storage.dll
0x00007ffc10500000 - 0x00007ffc1063f000 	C:\WINDOWS\SYSTEM32\wintypes.dll
0x00007ffc14a80000 - 0x00007ffc14b7a000 	C:\WINDOWS\System32\SHCORE.dll
0x00007ffc13ee0000 - 0x00007ffc13f3e000 	C:\WINDOWS\System32\shlwapi.dll
0x00007ffc12680000 - 0x00007ffc126ab000 	C:\WINDOWS\SYSTEM32\profapi.dll
0x00007ffbe95e0000 - 0x00007ffbe95f9000 	C:\Users\HP\.vscode\extensions\redhat.java-1.38.0-win32-x64\jre\17.0.13-win32-x86_64\bin\net.dll
0x00007ffc0bb80000 - 0x00007ffc0bcb6000 	C:\WINDOWS\SYSTEM32\WINHTTP.dll
0x00007ffc11bd0000 - 0x00007ffc11c39000 	C:\WINDOWS\system32\mswsock.dll
0x00007ffbe3170000 - 0x00007ffbe3186000 	C:\Users\HP\.vscode\extensions\redhat.java-1.38.0-win32-x64\jre\17.0.13-win32-x86_64\bin\nio.dll
0x00007ffbfe7f0000 - 0x00007ffbfe800000 	c:\Users\HP\.vscode\extensions\redhat.java-1.38.0-win32-x64\jre\17.0.13-win32-x86_64\bin\verify.dll
0x00007ffbd5260000 - 0x00007ffbd52a5000 	C:\Users\HP\AppData\Roaming\Code\User\globalStorage\redhat.java\1.38.0\config_win\org.eclipse.equinox.launcher\org.eclipse.equinox.launcher.win32.win32.x86_64_1.2.1100.v20240722-2106\eclipse_11904.dll
0x00007ffc152a0000 - 0x00007ffc15445000 	C:\WINDOWS\System32\ole32.dll
0x00007ffc11e50000 - 0x00007ffc11e6b000 	C:\WINDOWS\SYSTEM32\CRYPTSP.dll
0x00007ffc116b0000 - 0x00007ffc116e5000 	C:\WINDOWS\system32\rsaenh.dll
0x00007ffc11cb0000 - 0x00007ffc11cd8000 	C:\WINDOWS\SYSTEM32\USERENV.dll
0x00007ffc11e40000 - 0x00007ffc11e4c000 	C:\WINDOWS\SYSTEM32\CRYPTBASE.dll
0x00007ffc111b0000 - 0x00007ffc111dd000 	C:\WINDOWS\SYSTEM32\IPHLPAPI.DLL
0x00007ffc147a0000 - 0x00007ffc147a9000 	C:\WINDOWS\System32\NSI.dll
0x00007ffc0b940000 - 0x00007ffc0b959000 	C:\WINDOWS\SYSTEM32\dhcpcsvc6.DLL
0x00007ffc0b900000 - 0x00007ffc0b91f000 	C:\WINDOWS\SYSTEM32\dhcpcsvc.DLL
0x00007ffc11220000 - 0x00007ffc11322000 	C:\WINDOWS\SYSTEM32\DNSAPI.dll
0x00007ffbe2670000 - 0x00007ffbe26b9000 	C:\Users\HP\AppData\Local\Temp\jna-2312\jna9741491034121280863.dll
0x00007ffc13a00000 - 0x00007ffc13a08000 	C:\WINDOWS\System32\PSAPI.DLL
0x00007ffbd47e0000 - 0x00007ffbd4807000 	C:\Users\HP\.gradle\native\c067742578af261105cb4f569cf0c3c89f3d7b1fecec35dd04571415982c5e48\windows-amd64\native-platform.dll

dbghelp: loaded successfully - version: 4.0.5 - missing functions: none
symbol engine: initialized successfully - sym options: 0x614 - pdb path: .;c:\Users\HP\.vscode\extensions\redhat.java-1.38.0-win32-x64\jre\17.0.13-win32-x86_64\bin;C:\WINDOWS\SYSTEM32;C:\WINDOWS\WinSxS\amd64_microsoft.windows.common-controls_6595b64144ccf1df_6.0.22621.4541_none_2710d1c57384c085;c:\Users\HP\.vscode\extensions\redhat.java-1.38.0-win32-x64\jre\17.0.13-win32-x86_64\bin\server;C:\Users\HP\AppData\Roaming\Code\User\globalStorage\redhat.java\1.38.0\config_win\org.eclipse.equinox.launcher\org.eclipse.equinox.launcher.win32.win32.x86_64_1.2.1100.v20240722-2106;C:\Users\HP\AppData\Local\Temp\jna-2312;C:\Users\HP\.gradle\native\c067742578af261105cb4f569cf0c3c89f3d7b1fecec35dd04571415982c5e48\windows-amd64

VM Arguments:
jvm_args: --add-modules=ALL-SYSTEM --add-opens=java.base/java.util=ALL-UNNAMED --add-opens=java.base/java.lang=ALL-UNNAMED --add-opens=java.base/sun.nio.fs=ALL-UNNAMED -Declipse.application=org.eclipse.jdt.ls.core.id1 -Dosgi.bundles.defaultStartLevel=4 -Declipse.product=org.eclipse.jdt.ls.core.product -Djava.import.generatesMetadataFilesAtProjectRoot=false -DDetectVMInstallationsJob.disabled=true -Dfile.encoding=utf8 -XX:+UseParallelGC -XX:GCTimeRatio=4 -XX:AdaptiveSizePolicyWeight=90 -Dsun.zip.disableMemoryMapping=true -Xmx1G -Xms100m -Xlog:disable -javaagent:c:\Users\HP\.vscode\extensions\redhat.java-1.38.0-win32-x64\lombok\lombok-1.18.34.jar -XX:+HeapDumpOnOutOfMemoryError -XX:HeapDumpPath=c:\Users\HP\AppData\Roaming\Code\User\workspaceStorage\f27a0ad543d219c3c486f4fca3b035bd\redhat.java -Daether.dependencyCollector.impl=bf 
java_command: c:\Users\HP\.vscode\extensions\redhat.java-1.38.0-win32-x64\server\plugins\org.eclipse.equinox.launcher_1.6.900.v20240613-2009.jar -configuration c:\Users\HP\AppData\Roaming\Code\User\globalStorage\redhat.java\1.38.0\config_win -data c:\Users\HP\AppData\Roaming\Code\User\workspaceStorage\f27a0ad543d219c3c486f4fca3b035bd\redhat.java\jdt_ws --pipe=\\.\pipe\lsp-dbc081eb974a892809a8fba11aa73fd9-sock
java_class_path (initial): c:\Users\HP\.vscode\extensions\redhat.java-1.38.0-win32-x64\server\plugins\org.eclipse.equinox.launcher_1.6.900.v20240613-2009.jar
Launcher Type: SUN_STANDARD

[Global flags]
    uintx AdaptiveSizePolicyWeight                 = 90                                        {product} {command line}
     intx CICompilerCount                          = 3                                         {product} {ergonomic}
    uintx GCTimeRatio                              = 4                                         {product} {command line}
     bool HeapDumpOnOutOfMemoryError               = true                                   {manageable} {command line}
    ccstr HeapDumpPath                             = c:\Users\HP\AppData\Roaming\Code\User\workspaceStorage\f27a0ad543d219c3c486f4fca3b035bd\redhat.java         {manageable} {command line}
   size_t InitialHeapSize                          = 104857600                                 {product} {command line}
   size_t MaxHeapSize                              = 1073741824                                {product} {command line}
   size_t MaxNewSize                               = 357564416                                 {product} {ergonomic}
   size_t MinHeapDeltaBytes                        = 524288                                    {product} {ergonomic}
   size_t MinHeapSize                              = 104857600                                 {product} {command line}
   size_t NewSize                                  = 34603008                                  {product} {ergonomic}
    uintx NonNMethodCodeHeapSize                   = 5832780                                {pd product} {ergonomic}
    uintx NonProfiledCodeHeapSize                  = 122912730                              {pd product} {ergonomic}
   size_t OldSize                                  = 70254592                                  {product} {ergonomic}
    uintx ProfiledCodeHeapSize                     = 122912730                              {pd product} {ergonomic}
    uintx ReservedCodeCacheSize                    = 251658240                              {pd product} {ergonomic}
     bool SegmentedCodeCache                       = true                                      {product} {ergonomic}
   size_t SoftMaxHeapSize                          = 1073741824                             {manageable} {ergonomic}
     bool UseCompressedClassPointers               = true                           {product lp64_product} {ergonomic}
     bool UseCompressedOops                        = true                           {product lp64_product} {ergonomic}
     bool UseLargePagesIndividualAllocation        = false                                  {pd product} {ergonomic}
     bool UseParallelGC                            = true                                      {product} {command line}

Logging:
Log output configuration:
 #0: stdout all=off uptime,level,tags
 #1: stderr all=off uptime,level,tags

Environment Variables:
JAVA_HOME=D:\Java\jdk-21
PATH=C:\Program Files\Common Files\Oracle\Java\javapath;C:\WINDOWS\system32;C:\WINDOWS;C:\WINDOWS\System32\Wbem;C:\WINDOWS\System32\WindowsPowerShell\v1.0\;C:\WINDOWS\System32\OpenSSH\;D:\Android\sdk\platform-tools;D:\Git\cmd;D:\MongoDB\Server\7.0\bin;D:\nodejs\;D:\Docker\Docker\resources\bin;D:\Program Files\Redis\;C:\Users\HP\AppData\Local\Microsoft\WindowsApps;C:\Program Files\Azure Data Studio\bin;D:\VisualStudioCode\Microsoft VS Code\bin;D:\MongoDB\Server\7.0\bin;D:\MongoDB\mongosh\;D:\heroku\bin;C:\Users\HP\AppData\Roaming\npm
USERNAME=HP
OS=Windows_NT
PROCESSOR_IDENTIFIER=Intel64 Family 6 Model 142 Stepping 10, GenuineIntel
TMP=C:\Users\HP\AppData\Local\Temp
TEMP=C:\Users\HP\AppData\Local\Temp



Periodic native trim disabled


---------------  S Y S T E M  ---------------

OS:
 Windows 11 , 64 bit Build 22621 (10.0.22621.4391)
OS uptime: 1 days 6:49 hours
Hyper-V role detected

CPU: total 4 (initial active 4) (2 cores per cpu, 2 threads per core) family 6 model 142 stepping 10 microcode 0xf4, cx8, cmov, fxsr, ht, mmx, 3dnowpref, sse, sse2, sse3, ssse3, sse4.1, sse4.2, popcnt, lzcnt, tsc, tscinvbit, avx, avx2, aes, erms, clmul, bmi1, bmi2, adx, fma, vzeroupper, clflush, clflushopt, hv
Processor Information for all 4 processors :
  Max Mhz: 2201, Current Mhz: 2201, Mhz Limit: 2201

Memory: 4k page, system-wide physical 8094M (240M free)
TotalPageFile size 21155M (AvailPageFile size 12M)
current process WorkingSet (physical memory assigned to process): 220M, peak: 233M
current process commit charge ("private bytes"): 297M, peak: 309M

vm_info: OpenJDK 64-Bit Server VM (17.0.13+11) for windows-amd64 JRE (17.0.13+11), built on Oct 16 2024 00:10:08 by "admin" with MS VC++ 17.7 (VS2022)

END.
